Started GET "/" for 127.0.0.1 at 2018-12-11 18:53:40 -0300
  
ActiveRecord::PendingMigrationError (

Migrations are pending. To resolve this issue, run:

        bin/rails db:migrate RAILS_ENV=development

):
  
activerecord (5.1.2) lib/active_record/migration.rb:576:in `check_pending!'
activerecord (5.1.2) lib/active_record/migration.rb:553:in `call'
actionpack (5.1.2) lib/action_dispatch/middleware/callbacks.rb:26:in `block in call'
activesupport (5.1.2) lib/active_support/callbacks.rb:97:in `run_callbacks'
actionpack (5.1.2) lib/action_dispatch/middleware/callbacks.rb:24:in `call'
actionpack (5.1.2) lib/action_dispatch/middleware/executor.rb:12:in `call'
actionpack (5.1.2) lib/action_dispatch/middleware/debug_exceptions.rb:59:in `call'
web-console (3.5.1) lib/web_console/middleware.rb:135:in `call_app'
web-console (3.5.1) lib/web_console/middleware.rb:28:in `block in call'
web-console (3.5.1) lib/web_console/middleware.rb:18:in `catch'
web-console (3.5.1) lib/web_console/middleware.rb:18:in `call'
actionpack (5.1.2) lib/action_dispatch/middleware/show_exceptions.rb:31:in `call'
railties (5.1.2) lib/rails/rack/logger.rb:36:in `call_app'
railties (5.1.2) lib/rails/rack/logger.rb:24:in `block in call'
activesupport (5.1.2) lib/active_support/tagged_logging.rb:69:in `block in tagged'
activesupport (5.1.2) lib/active_support/tagged_logging.rb:26:in `tagged'
activesupport (5.1.2) lib/active_support/tagged_logging.rb:69:in `tagged'
railties (5.1.2) lib/rails/rack/logger.rb:24:in `call'
sprockets-rails (3.2.0) lib/sprockets/rails/quiet_assets.rb:13:in `call'
actionpack (5.1.2) lib/action_dispatch/middleware/remote_ip.rb:79:in `call'
actionpack (5.1.2) lib/action_dispatch/middleware/request_id.rb:25:in `call'
rack (2.0.3) lib/rack/method_override.rb:22:in `call'
rack (2.0.3) lib/rack/runtime.rb:22:in `call'
activesupport (5.1.2) lib/active_support/cache/strategy/local_cache_middleware.rb:27:in `call'
actionpack (5.1.2) lib/action_dispatch/middleware/executor.rb:12:in `call'
actionpack (5.1.2) lib/action_dispatch/middleware/static.rb:125:in `call'
rack (2.0.3) lib/rack/sendfile.rb:111:in `call'
railties (5.1.2) lib/rails/engine.rb:522:in `call'
puma (3.9.1) lib/puma/configuration.rb:224:in `call'
puma (3.9.1) lib/puma/server.rb:602:in `handle_request'
puma (3.9.1) lib/puma/server.rb:435:in `process_client'
puma (3.9.1) lib/puma/server.rb:299:in `block in run'
puma (3.9.1) lib/puma/thread_pool.rb:120:in `block in spawn_thread'
  [1m[35m (0.1ms)[0m  [1m[34mSELECT sqlite_version(*)[0m
  [1m[35m (19.7ms)[0m  [1m[35mCREATE TABLE "schema_migrations" ("version" varchar NOT NULL PRIMARY KEY)[0m
  [1m[35m (1.7ms)[0m  [1m[35mCREATE TABLE "ar_internal_metadata" ("key" varchar NOT NULL PRIMARY KEY, "value" varchar, "created_at" datetime NOT NULL, "updated_at" datetime NOT NULL)[0m
  [1m[35m (0.2ms)[0m  [1m[34mSELECT "schema_migrations"."version" FROM "schema_migrations" ORDER BY "schema_migrations"."version" ASC[0m
Migrating to CreateHistories (20170703175956)
  [1m[35m (0.1ms)[0m  [1m[36mbegin transaction[0m
  [1m[35m (0.9ms)[0m  [1m[35mCREATE TABLE "histories" ("id" INTEGER PRIMARY KEY AUTOINCREMENT NOT NULL, "title" varchar, "picture" varchar, "content" text, "created_at" datetime NOT NULL, "updated_at" datetime NOT NULL)[0m
  [1m[35mSQL (0.3ms)[0m  [1m[32mINSERT INTO "schema_migrations" ("version") VALUES (?)[0m  [["version", "20170703175956"]]
  [1m[35m (1.3ms)[0m  [1m[36mcommit transaction[0m
  [1m[36mActiveRecord::InternalMetadata Load (0.2ms)[0m  [1m[34mSELECT  "ar_internal_metadata".* FROM "ar_internal_metadata" WHERE "ar_internal_metadata"."key" = ? LIMIT ?[0m  [["key", "environment"], ["LIMIT", 1]]
  [1m[35m (0.1ms)[0m  [1m[36mbegin transaction[0m
  [1m[35mSQL (0.8ms)[0m  [1m[32mINSERT INTO "ar_internal_metadata" ("key", "value", "created_at", "updated_at") VALUES (?, ?, ?, ?)[0m  [["key", "environment"], ["value", "development"], ["created_at", "2018-12-11 21:54:05.630459"], ["updated_at", "2018-12-11 21:54:05.630459"]]
  [1m[35m (1.8ms)[0m  [1m[36mcommit transaction[0m
  [1m[35m (1.5ms)[0m  [1m[34mSELECT "schema_migrations"."version" FROM "schema_migrations" ORDER BY "schema_migrations"."version" ASC[0m
Started GET "/" for 127.0.0.1 at 2018-12-11 18:54:17 -0300
  [1m[35m (0.2ms)[0m  [1m[34mSELECT "schema_migrations"."version" FROM "schema_migrations" ORDER BY "schema_migrations"."version" ASC[0m
Processing by HistoriesController#index as HTML
  Rendering histories/index.html.erb within layouts/application
  [1m[36mHistory Load (0.2ms)[0m  [1m[34mSELECT "histories".* FROM "histories"[0m
  Rendered histories/index.html.erb within layouts/application (6.2ms)
  Rendered shared/_navbar.html.erb (2.3ms)
Completed 200 OK in 696ms (Views: 671.2ms | ActiveRecord: 0.7ms)


Started GET "/" for 127.0.0.1 at 2018-12-11 18:54:26 -0300
Processing by HistoriesController#index as HTML
  Rendering histories/index.html.erb within layouts/application
  [1m[36mHistory Load (0.4ms)[0m  [1m[34mSELECT "histories".* FROM "histories"[0m
  Rendered histories/index.html.erb within layouts/application (3.7ms)
  Rendered shared/_navbar.html.erb (0.5ms)
Completed 200 OK in 70ms (Views: 63.8ms | ActiveRecord: 0.4ms)


Started GET "/" for 127.0.0.1 at 2018-12-11 18:54:27 -0300
Processing by HistoriesController#index as HTML
  Rendering histories/index.html.erb within layouts/application
  [1m[36mHistory Load (0.3ms)[0m  [1m[34mSELECT "histories".* FROM "histories"[0m
  Rendered histories/index.html.erb within layouts/application (2.6ms)
  Rendered shared/_navbar.html.erb (0.5ms)
Completed 200 OK in 55ms (Views: 49.4ms | ActiveRecord: 0.3ms)


Started GET "/histories/new" for 127.0.0.1 at 2018-12-11 18:54:35 -0300
Processing by HistoriesController#new as HTML
  Rendering histories/new.html.erb within layouts/application
  Rendered histories/_form.html.erb (19.5ms)
  Rendered histories/new.html.erb within layouts/application (32.1ms)
  Rendered shared/_navbar.html.erb (0.5ms)
Completed 200 OK in 117ms (Views: 89.2ms | ActiveRecord: 1.0ms)


Started GET "/histories" for 127.0.0.1 at 2018-12-11 18:54:45 -0300
Processing by HistoriesController#index as HTML
  Rendering histories/index.html.erb within layouts/application
  [1m[36mHistory Load (0.4ms)[0m  [1m[34mSELECT "histories".* FROM "histories"[0m
  Rendered histories/index.html.erb within layouts/application (3.4ms)
  Rendered shared/_navbar.html.erb (0.7ms)
Completed 200 OK in 99ms (Views: 89.5ms | ActiveRecord: 0.4ms)


Started GET "/" for 127.0.0.1 at 2018-12-13 16:33:00 -0300
  [1m[35m (0.3ms)[0m  [1m[34mSELECT "schema_migrations"."version" FROM "schema_migrations" ORDER BY "schema_migrations"."version" ASC[0m
  
ActiveRecord::PendingMigrationError (

Migrations are pending. To resolve this issue, run:

        bin/rails db:migrate RAILS_ENV=development

):
  
activerecord (5.1.2) lib/active_record/migration.rb:576:in `check_pending!'
activerecord (5.1.2) lib/active_record/migration.rb:553:in `call'
actionpack (5.1.2) lib/action_dispatch/middleware/callbacks.rb:26:in `block in call'
activesupport (5.1.2) lib/active_support/callbacks.rb:97:in `run_callbacks'
actionpack (5.1.2) lib/action_dispatch/middleware/callbacks.rb:24:in `call'
actionpack (5.1.2) lib/action_dispatch/middleware/executor.rb:12:in `call'
actionpack (5.1.2) lib/action_dispatch/middleware/debug_exceptions.rb:59:in `call'
web-console (3.5.1) lib/web_console/middleware.rb:135:in `call_app'
web-console (3.5.1) lib/web_console/middleware.rb:28:in `block in call'
web-console (3.5.1) lib/web_console/middleware.rb:18:in `catch'
web-console (3.5.1) lib/web_console/middleware.rb:18:in `call'
actionpack (5.1.2) lib/action_dispatch/middleware/show_exceptions.rb:31:in `call'
railties (5.1.2) lib/rails/rack/logger.rb:36:in `call_app'
railties (5.1.2) lib/rails/rack/logger.rb:24:in `block in call'
activesupport (5.1.2) lib/active_support/tagged_logging.rb:69:in `block in tagged'
activesupport (5.1.2) lib/active_support/tagged_logging.rb:26:in `tagged'
activesupport (5.1.2) lib/active_support/tagged_logging.rb:69:in `tagged'
railties (5.1.2) lib/rails/rack/logger.rb:24:in `call'
sprockets-rails (3.2.0) lib/sprockets/rails/quiet_assets.rb:13:in `call'
actionpack (5.1.2) lib/action_dispatch/middleware/remote_ip.rb:79:in `call'
actionpack (5.1.2) lib/action_dispatch/middleware/request_id.rb:25:in `call'
rack (2.0.3) lib/rack/method_override.rb:22:in `call'
rack (2.0.3) lib/rack/runtime.rb:22:in `call'
activesupport (5.1.2) lib/active_support/cache/strategy/local_cache_middleware.rb:27:in `call'
actionpack (5.1.2) lib/action_dispatch/middleware/executor.rb:12:in `call'
actionpack (5.1.2) lib/action_dispatch/middleware/static.rb:125:in `call'
rack (2.0.3) lib/rack/sendfile.rb:111:in `call'
railties (5.1.2) lib/rails/engine.rb:522:in `call'
puma (3.9.1) lib/puma/configuration.rb:224:in `call'
puma (3.9.1) lib/puma/server.rb:602:in `handle_request'
puma (3.9.1) lib/puma/server.rb:435:in `process_client'
puma (3.9.1) lib/puma/server.rb:299:in `block in run'
puma (3.9.1) lib/puma/thread_pool.rb:120:in `block in spawn_thread'
  [1m[35m (0.2ms)[0m  [1m[34mSELECT "schema_migrations"."version" FROM "schema_migrations" ORDER BY "schema_migrations"."version" ASC[0m
Migrating to CreateUsers (20181211215727)
  [1m[35m (0.1ms)[0m  [1m[36mbegin transaction[0m
  [1m[35m (0.1ms)[0m  [1m[34mSELECT sqlite_version(*)[0m
  [1m[35m (0.9ms)[0m  [1m[35mCREATE TABLE "users" ("id" INTEGER PRIMARY KEY AUTOINCREMENT NOT NULL, "name" varchar, "email" varchar, "password" varchar, "created_at" datetime NOT NULL, "updated_at" datetime NOT NULL)[0m
  [1m[35mSQL (0.3ms)[0m  [1m[32mINSERT INTO "schema_migrations" ("version") VALUES (?)[0m  [["version", "20181211215727"]]
  [1m[35m (1.4ms)[0m  [1m[36mcommit transaction[0m
  [1m[36mActiveRecord::InternalMetadata Load (0.2ms)[0m  [1m[34mSELECT  "ar_internal_metadata".* FROM "ar_internal_metadata" WHERE "ar_internal_metadata"."key" = ? LIMIT ?[0m  [["key", "environment"], ["LIMIT", 1]]
  [1m[35m (0.1ms)[0m  [1m[36mbegin transaction[0m
  [1m[35m (0.0ms)[0m  [1m[36mcommit transaction[0m
  [1m[35m (0.3ms)[0m  [1m[34mSELECT "schema_migrations"."version" FROM "schema_migrations" ORDER BY "schema_migrations"."version" ASC[0m
Started GET "/" for 127.0.0.1 at 2018-12-13 16:33:22 -0300
  [1m[35m (0.1ms)[0m  [1m[34mSELECT "schema_migrations"."version" FROM "schema_migrations" ORDER BY "schema_migrations"."version" ASC[0m
Processing by HistoriesController#index as HTML
  Rendering histories/index.html.erb within layouts/application
  [1m[36mHistory Load (1.0ms)[0m  [1m[34mSELECT "histories".* FROM "histories"[0m
  Rendered histories/index.html.erb within layouts/application (6.5ms)
  Rendered shared/_navbar.html.erb (0.9ms)
Completed 200 OK in 597ms (Views: 570.3ms | ActiveRecord: 1.7ms)


Started GET "/" for 127.0.0.1 at 2018-12-13 16:34:52 -0300
Processing by HistoriesController#index as HTML
  Rendering histories/index.html.erb within layouts/application
  [1m[36mHistory Load (0.3ms)[0m  [1m[34mSELECT "histories".* FROM "histories"[0m
  Rendered histories/index.html.erb within layouts/application (3.0ms)
  Rendered shared/_navbar.html.erb (0.5ms)
Completed 200 OK in 54ms (Views: 47.4ms | ActiveRecord: 0.3ms)


Started GET "/" for 127.0.0.1 at 2018-12-13 16:34:53 -0300
Processing by HistoriesController#index as HTML
  Rendering histories/index.html.erb within layouts/application
  [1m[36mHistory Load (0.4ms)[0m  [1m[34mSELECT "histories".* FROM "histories"[0m
  Rendered histories/index.html.erb within layouts/application (2.7ms)
  Rendered shared/_navbar.html.erb (0.5ms)
Completed 200 OK in 56ms (Views: 49.9ms | ActiveRecord: 0.4ms)


Started GET "/sign_in" for 127.0.0.1 at 2018-12-13 16:53:08 -0300
  
ActionController::RoutingError (No route matches [GET] "/sign_in"):
  
actionpack (5.1.2) lib/action_dispatch/middleware/debug_exceptions.rb:63:in `call'
web-console (3.5.1) lib/web_console/middleware.rb:135:in `call_app'
web-console (3.5.1) lib/web_console/middleware.rb:28:in `block in call'
web-console (3.5.1) lib/web_console/middleware.rb:18:in `catch'
web-console (3.5.1) lib/web_console/middleware.rb:18:in `call'
actionpack (5.1.2) lib/action_dispatch/middleware/show_exceptions.rb:31:in `call'
railties (5.1.2) lib/rails/rack/logger.rb:36:in `call_app'
railties (5.1.2) lib/rails/rack/logger.rb:24:in `block in call'
activesupport (5.1.2) lib/active_support/tagged_logging.rb:69:in `block in tagged'
activesupport (5.1.2) lib/active_support/tagged_logging.rb:26:in `tagged'
activesupport (5.1.2) lib/active_support/tagged_logging.rb:69:in `tagged'
railties (5.1.2) lib/rails/rack/logger.rb:24:in `call'
sprockets-rails (3.2.0) lib/sprockets/rails/quiet_assets.rb:13:in `call'
actionpack (5.1.2) lib/action_dispatch/middleware/remote_ip.rb:79:in `call'
actionpack (5.1.2) lib/action_dispatch/middleware/request_id.rb:25:in `call'
rack (2.0.3) lib/rack/method_override.rb:22:in `call'
rack (2.0.3) lib/rack/runtime.rb:22:in `call'
activesupport (5.1.2) lib/active_support/cache/strategy/local_cache_middleware.rb:27:in `call'
actionpack (5.1.2) lib/action_dispatch/middleware/executor.rb:12:in `call'
actionpack (5.1.2) lib/action_dispatch/middleware/static.rb:125:in `call'
rack (2.0.3) lib/rack/sendfile.rb:111:in `call'
railties (5.1.2) lib/rails/engine.rb:522:in `call'
puma (3.9.1) lib/puma/configuration.rb:224:in `call'
puma (3.9.1) lib/puma/server.rb:602:in `handle_request'
puma (3.9.1) lib/puma/server.rb:435:in `process_client'
puma (3.9.1) lib/puma/server.rb:299:in `block in run'
puma (3.9.1) lib/puma/thread_pool.rb:120:in `block in spawn_thread'
Started GET "/sign_up" for 127.0.0.1 at 2018-12-13 16:53:16 -0300
  
ActionController::RoutingError (No route matches [GET] "/sign_up"):
  
actionpack (5.1.2) lib/action_dispatch/middleware/debug_exceptions.rb:63:in `call'
web-console (3.5.1) lib/web_console/middleware.rb:135:in `call_app'
web-console (3.5.1) lib/web_console/middleware.rb:28:in `block in call'
web-console (3.5.1) lib/web_console/middleware.rb:18:in `catch'
web-console (3.5.1) lib/web_console/middleware.rb:18:in `call'
actionpack (5.1.2) lib/action_dispatch/middleware/show_exceptions.rb:31:in `call'
railties (5.1.2) lib/rails/rack/logger.rb:36:in `call_app'
railties (5.1.2) lib/rails/rack/logger.rb:24:in `block in call'
activesupport (5.1.2) lib/active_support/tagged_logging.rb:69:in `block in tagged'
activesupport (5.1.2) lib/active_support/tagged_logging.rb:26:in `tagged'
activesupport (5.1.2) lib/active_support/tagged_logging.rb:69:in `tagged'
railties (5.1.2) lib/rails/rack/logger.rb:24:in `call'
sprockets-rails (3.2.0) lib/sprockets/rails/quiet_assets.rb:13:in `call'
actionpack (5.1.2) lib/action_dispatch/middleware/remote_ip.rb:79:in `call'
actionpack (5.1.2) lib/action_dispatch/middleware/request_id.rb:25:in `call'
rack (2.0.3) lib/rack/method_override.rb:22:in `call'
rack (2.0.3) lib/rack/runtime.rb:22:in `call'
activesupport (5.1.2) lib/active_support/cache/strategy/local_cache_middleware.rb:27:in `call'
actionpack (5.1.2) lib/action_dispatch/middleware/executor.rb:12:in `call'
actionpack (5.1.2) lib/action_dispatch/middleware/static.rb:125:in `call'
rack (2.0.3) lib/rack/sendfile.rb:111:in `call'
railties (5.1.2) lib/rails/engine.rb:522:in `call'
puma (3.9.1) lib/puma/configuration.rb:224:in `call'
puma (3.9.1) lib/puma/server.rb:602:in `handle_request'
puma (3.9.1) lib/puma/server.rb:435:in `process_client'
puma (3.9.1) lib/puma/server.rb:299:in `block in run'
puma (3.9.1) lib/puma/thread_pool.rb:120:in `block in spawn_thread'
Started GET "/users/sign_up" for 127.0.0.1 at 2018-12-13 16:53:25 -0300
Processing by UsersController#new as HTML
  Rendering users/new.html.erb within layouts/application
  Rendered users/new.html.erb within layouts/application (469.8ms)
  Rendered shared/_navbar.html.erb (0.9ms)
Completed 200 OK in 755ms (Views: 679.8ms | ActiveRecord: 1.4ms)


Started GET "/users/sign_in" for 127.0.0.1 at 2018-12-13 16:53:30 -0300
  
ActionController::RoutingError (No route matches [GET] "/users/sign_in"):
  
actionpack (5.1.2) lib/action_dispatch/middleware/debug_exceptions.rb:63:in `call'
web-console (3.5.1) lib/web_console/middleware.rb:135:in `call_app'
web-console (3.5.1) lib/web_console/middleware.rb:28:in `block in call'
web-console (3.5.1) lib/web_console/middleware.rb:18:in `catch'
web-console (3.5.1) lib/web_console/middleware.rb:18:in `call'
actionpack (5.1.2) lib/action_dispatch/middleware/show_exceptions.rb:31:in `call'
railties (5.1.2) lib/rails/rack/logger.rb:36:in `call_app'
railties (5.1.2) lib/rails/rack/logger.rb:24:in `block in call'
activesupport (5.1.2) lib/active_support/tagged_logging.rb:69:in `block in tagged'
activesupport (5.1.2) lib/active_support/tagged_logging.rb:26:in `tagged'
activesupport (5.1.2) lib/active_support/tagged_logging.rb:69:in `tagged'
railties (5.1.2) lib/rails/rack/logger.rb:24:in `call'
sprockets-rails (3.2.0) lib/sprockets/rails/quiet_assets.rb:13:in `call'
actionpack (5.1.2) lib/action_dispatch/middleware/remote_ip.rb:79:in `call'
actionpack (5.1.2) lib/action_dispatch/middleware/request_id.rb:25:in `call'
rack (2.0.3) lib/rack/method_override.rb:22:in `call'
rack (2.0.3) lib/rack/runtime.rb:22:in `call'
activesupport (5.1.2) lib/active_support/cache/strategy/local_cache_middleware.rb:27:in `call'
actionpack (5.1.2) lib/action_dispatch/middleware/executor.rb:12:in `call'
actionpack (5.1.2) lib/action_dispatch/middleware/static.rb:125:in `call'
rack (2.0.3) lib/rack/sendfile.rb:111:in `call'
railties (5.1.2) lib/rails/engine.rb:522:in `call'
puma (3.9.1) lib/puma/configuration.rb:224:in `call'
puma (3.9.1) lib/puma/server.rb:602:in `handle_request'
puma (3.9.1) lib/puma/server.rb:435:in `process_client'
puma (3.9.1) lib/puma/server.rb:299:in `block in run'
puma (3.9.1) lib/puma/thread_pool.rb:120:in `block in spawn_thread'
Started GET "/users/sign_in" for 127.0.0.1 at 2018-12-13 16:55:28 -0300
Processing by SessionsController#new as HTML
  Rendering sessions/new.html.erb within layouts/application
  Rendered sessions/new.html.erb within layouts/application (7.4ms)
  Rendered shared/_navbar.html.erb (0.4ms)
Completed 200 OK in 477ms (Views: 303.0ms | ActiveRecord: 1.4ms)


Started GET "/users/sign_up" for 127.0.0.1 at 2018-12-13 16:55:37 -0300
Processing by UsersController#new as HTML
  Rendering users/new.html.erb within layouts/application
  Rendered users/new.html.erb within layouts/application (3.7ms)
  Rendered shared/_navbar.html.erb (1.1ms)
Completed 200 OK in 51ms (Views: 46.9ms | ActiveRecord: 0.0ms)


Started POST "/users" for 127.0.0.1 at 2018-12-13 16:55:46 -0300
Processing by UsersController#create as HTML
  Parameters: {"utf8"=>"✓", "authenticity_token"=>"xf+8dZk/Ns5zwc/6q1KGjPm+SAKRcrKKXPBxshZaFIVBA/bUeD47KEaWAJFfKOinsSKppoeEidSbSk/ygPh5uw==", "user"=>{"name"=>"Daniel", "email"=>"daniel.hg94@gmail.com", "password"=>"[FILTERED]"}, "commit"=>"Create User"}
  [1m[35m (0.1ms)[0m  [1m[36mbegin transaction[0m
  [1m[35mSQL (41.3ms)[0m  [1m[32mINSERT INTO "users" ("name", "email", "password", "created_at", "updated_at") VALUES (?, ?, ?, ?, ?)[0m  [["name", "Daniel"], ["email", "daniel.hg94@gmail.com"], ["password", "123456"], ["created_at", "2018-12-13 19:55:46.112638"], ["updated_at", "2018-12-13 19:55:46.112638"]]
  [1m[35m (2.5ms)[0m  [1m[36mcommit transaction[0m
Redirected to http://localhost:3000/
Completed 302 Found in 49ms (ActiveRecord: 44.0ms)


Started GET "/" for 127.0.0.1 at 2018-12-13 16:55:46 -0300
Processing by HistoriesController#index as HTML
  Rendering histories/index.html.erb within layouts/application
  [1m[36mHistory Load (0.3ms)[0m  [1m[34mSELECT "histories".* FROM "histories"[0m
  Rendered histories/index.html.erb within layouts/application (3.4ms)
  Rendered shared/_navbar.html.erb (0.6ms)
Completed 200 OK in 58ms (Views: 47.2ms | ActiveRecord: 0.7ms)


Started GET "/users/sign_in" for 127.0.0.1 at 2018-12-13 16:56:27 -0300
Processing by SessionsController#new as HTML
  Rendering sessions/new.html.erb within layouts/application
  Rendered sessions/new.html.erb within layouts/application (3.8ms)
  Rendered shared/_navbar.html.erb (0.6ms)
Completed 200 OK in 78ms (Views: 71.6ms | ActiveRecord: 0.0ms)


Started POST "/sessions" for 127.0.0.1 at 2018-12-13 16:56:50 -0300
Processing by SessionsController#create as HTML
  Parameters: {"utf8"=>"✓", "authenticity_token"=>"MZZV+xpvkfo9XfiLYTLeS8aZLhxGkt2d2W04IjpMcPC1ah9a+26cHAgKN+CVSLBgjgXPuFBk5sMe1wZirO4dzg==", "user"=>{"email"=>"daniel.hg94@gmail.com", "password"=>"[FILTERED]"}, "commit"=>"Create User"}
  [1m[36mUser Load (0.3ms)[0m  [1m[34mSELECT  "users".* FROM "users" WHERE "users"."email" = ? LIMIT ?[0m  [["email", "daniel.hg94@gmail.com"], ["LIMIT", 1]]
Redirected to http://localhost:3000/
Completed 302 Found in 130ms (ActiveRecord: 0.3ms)


Started GET "/" for 127.0.0.1 at 2018-12-13 16:56:50 -0300
Processing by HistoriesController#index as HTML
  Rendering histories/index.html.erb within layouts/application
  [1m[36mHistory Load (0.2ms)[0m  [1m[34mSELECT "histories".* FROM "histories"[0m
  Rendered histories/index.html.erb within layouts/application (1.5ms)
  Rendered shared/_navbar.html.erb (0.6ms)
Completed 200 OK in 40ms (Views: 36.4ms | ActiveRecord: 0.2ms)


Started GET "/" for 127.0.0.1 at 2018-12-13 17:03:01 -0300
Processing by HistoriesController#index as HTML
  Rendering histories/index.html.erb within layouts/application
  [1m[36mHistory Load (0.2ms)[0m  [1m[34mSELECT "histories".* FROM "histories"[0m
  Rendered histories/index.html.erb within layouts/application (6.9ms)
  Rendered shared/_navbar.html.erb (0.5ms)
Completed 200 OK in 322ms (Views: 310.0ms | ActiveRecord: 1.5ms)


Started GET "/" for 127.0.0.1 at 2018-12-13 17:03:06 -0300
Processing by HistoriesController#index as HTML
  Rendering histories/index.html.erb within layouts/application
  [1m[36mHistory Load (1.7ms)[0m  [1m[34mSELECT "histories".* FROM "histories"[0m
  Rendered histories/index.html.erb within layouts/application (8.8ms)
  Rendered shared/_navbar.html.erb (0.5ms)
Completed 200 OK in 58ms (Views: 50.3ms | ActiveRecord: 1.7ms)


Started GET "/" for 127.0.0.1 at 2018-12-13 17:03:07 -0300
Processing by HistoriesController#index as HTML
  Rendering histories/index.html.erb within layouts/application
  [1m[36mHistory Load (0.3ms)[0m  [1m[34mSELECT "histories".* FROM "histories"[0m
  Rendered histories/index.html.erb within layouts/application (2.9ms)
  Rendered shared/_navbar.html.erb (0.6ms)
Completed 200 OK in 53ms (Views: 46.1ms | ActiveRecord: 0.3ms)


Started GET "/" for 127.0.0.1 at 2018-12-13 17:05:04 -0300
Processing by HistoriesController#index as HTML
  Rendering histories/index.html.erb within layouts/application
  [1m[36mHistory Load (0.4ms)[0m  [1m[34mSELECT "histories".* FROM "histories"[0m
  Rendered histories/index.html.erb within layouts/application (2.3ms)
  [1m[36mUser Load (0.3ms)[0m  [1m[34mSELECT  "users".* FROM "users" WHERE "users"."id" = ? LIMIT ?[0m  [["id", 1], ["LIMIT", 1]]
  Rendered shared/_navbar.html.erb (0.5ms)
Completed 200 OK in 98ms (Views: 92.6ms | ActiveRecord: 1.6ms)


Started GET "/" for 127.0.0.1 at 2018-12-13 17:11:38 -0300
Processing by HistoriesController#index as HTML
  Rendering histories/index.html.erb within layouts/application
  [1m[36mHistory Load (0.2ms)[0m  [1m[34mSELECT "histories".* FROM "histories"[0m
  Rendered histories/index.html.erb within layouts/application (3.6ms)
  [1m[36mUser Load (0.2ms)[0m  [1m[34mSELECT  "users".* FROM "users" WHERE "users"."id" = ? LIMIT ?[0m  [["id", 1], ["LIMIT", 1]]
  [1m[36mCACHE User Load (0.1ms)[0m  [1m[34mSELECT  "users".* FROM "users" WHERE "users"."id" = ? LIMIT ?[0m  [["id", 1], ["LIMIT", 1]]
  Rendered shared/_navbar.html.erb (0.8ms)
Completed 200 OK in 358ms (Views: 348.6ms | ActiveRecord: 2.1ms)


Started DELETE "/sessions/1" for 127.0.0.1 at 2018-12-13 17:11:40 -0300
Processing by SessionsController#destroy as HTML
  Parameters: {"authenticity_token"=>"lAcIm0Pm8mPHwC7NqFHR7i5tSHx63IVhU+8HkRzRY3cQ+0I6ouf/hfKX4aZcK7/FZvGp2Gwqvj+UVTnRinMOSQ==", "id"=>"1"}
Redirected to http://localhost:3000/users/sign_in
Completed 302 Found in 1ms (ActiveRecord: 0.0ms)


Started GET "/users/sign_in" for 127.0.0.1 at 2018-12-13 17:11:40 -0300
Processing by SessionsController#new as HTML
  Rendering sessions/new.html.erb within layouts/application
  Rendered sessions/new.html.erb within layouts/application (2.8ms)
  Rendered shared/_navbar.html.erb (0.5ms)
Completed 200 OK in 131ms (Views: 40.0ms | ActiveRecord: 0.0ms)


Started POST "/sessions" for 127.0.0.1 at 2018-12-13 17:11:46 -0300
Processing by SessionsController#create as HTML
  Parameters: {"utf8"=>"✓", "authenticity_token"=>"4CIjcyo64Zn3Sw7rOD/I4Mywdav35B35Kkp7vHWbLdfd+SiOtid/Hw9yBjgiwzNhyBFB7AJSF7F0qV00NPUMkg==", "user"=>{"email"=>"daniel.hg94@gmail.com", "password"=>"[FILTERED]"}, "commit"=>"Create User"}
  [1m[36mUser Load (0.5ms)[0m  [1m[34mSELECT  "users".* FROM "users" WHERE "users"."email" = ? LIMIT ?[0m  [["email", "daniel.hg94@gmail.com"], ["LIMIT", 1]]
Redirected to http://localhost:3000/
Completed 302 Found in 4ms (ActiveRecord: 0.5ms)


Started GET "/" for 127.0.0.1 at 2018-12-13 17:11:46 -0300
Processing by HistoriesController#index as HTML
  Rendering histories/index.html.erb within layouts/application
  [1m[36mHistory Load (0.3ms)[0m  [1m[34mSELECT "histories".* FROM "histories"[0m
  Rendered histories/index.html.erb within layouts/application (2.2ms)
  [1m[36mUser Load (0.2ms)[0m  [1m[34mSELECT  "users".* FROM "users" WHERE "users"."id" = ? LIMIT ?[0m  [["id", 1], ["LIMIT", 1]]
  [1m[36mCACHE User Load (0.0ms)[0m  [1m[34mSELECT  "users".* FROM "users" WHERE "users"."id" = ? LIMIT ?[0m  [["id", 1], ["LIMIT", 1]]
  Rendered shared/_navbar.html.erb (0.4ms)
Completed 200 OK in 48ms (Views: 42.1ms | ActiveRecord: 0.5ms)


Started GET "/" for 127.0.0.1 at 2018-12-13 17:11:48 -0300
Processing by HistoriesController#index as HTML
  Rendering histories/index.html.erb within layouts/application
  [1m[36mHistory Load (0.5ms)[0m  [1m[34mSELECT "histories".* FROM "histories"[0m
  Rendered histories/index.html.erb within layouts/application (3.1ms)
  [1m[36mUser Load (0.2ms)[0m  [1m[34mSELECT  "users".* FROM "users" WHERE "users"."id" = ? LIMIT ?[0m  [["id", 1], ["LIMIT", 1]]
  [1m[36mCACHE User Load (0.0ms)[0m  [1m[34mSELECT  "users".* FROM "users" WHERE "users"."id" = ? LIMIT ?[0m  [["id", 1], ["LIMIT", 1]]
  Rendered shared/_navbar.html.erb (0.5ms)
Completed 200 OK in 61ms (Views: 50.3ms | ActiveRecord: 0.7ms)


Started GET "/" for 127.0.0.1 at 2018-12-13 17:11:48 -0300
Processing by HistoriesController#index as HTML
  Rendering histories/index.html.erb within layouts/application
  [1m[36mHistory Load (0.4ms)[0m  [1m[34mSELECT "histories".* FROM "histories"[0m
  Rendered histories/index.html.erb within layouts/application (2.7ms)
  [1m[36mUser Load (0.1ms)[0m  [1m[34mSELECT  "users".* FROM "users" WHERE "users"."id" = ? LIMIT ?[0m  [["id", 1], ["LIMIT", 1]]
  [1m[36mCACHE User Load (0.0ms)[0m  [1m[34mSELECT  "users".* FROM "users" WHERE "users"."id" = ? LIMIT ?[0m  [["id", 1], ["LIMIT", 1]]
  Rendered shared/_navbar.html.erb (0.5ms)
Completed 200 OK in 59ms (Views: 52.0ms | ActiveRecord: 0.6ms)


Started GET "/" for 127.0.0.1 at 2018-12-13 17:11:49 -0300
Processing by HistoriesController#index as HTML
  Rendering histories/index.html.erb within layouts/application
  [1m[36mHistory Load (0.3ms)[0m  [1m[34mSELECT "histories".* FROM "histories"[0m
  Rendered histories/index.html.erb within layouts/application (2.9ms)
  [1m[36mUser Load (0.1ms)[0m  [1m[34mSELECT  "users".* FROM "users" WHERE "users"."id" = ? LIMIT ?[0m  [["id", 1], ["LIMIT", 1]]
  [1m[36mCACHE User Load (0.0ms)[0m  [1m[34mSELECT  "users".* FROM "users" WHERE "users"."id" = ? LIMIT ?[0m  [["id", 1], ["LIMIT", 1]]
  Rendered shared/_navbar.html.erb (0.7ms)
Completed 200 OK in 60ms (Views: 53.1ms | ActiveRecord: 0.5ms)


  [1m[36mUser Load (15.6ms)[0m  [1m[34mSELECT  "users".* FROM "users" LIMIT ?[0m  [["LIMIT", 11]]
Started GET "/" for 127.0.0.1 at 2018-12-13 17:20:28 -0300
Processing by HistoriesController#index as HTML
  Rendering histories/index.html.erb within layouts/application
  [1m[36mHistory Load (0.3ms)[0m  [1m[34mSELECT "histories".* FROM "histories"[0m
  Rendered histories/index.html.erb within layouts/application (1.9ms)
  [1m[36mUser Load (0.1ms)[0m  [1m[34mSELECT  "users".* FROM "users" WHERE "users"."id" = ? LIMIT ?[0m  [["id", 1], ["LIMIT", 1]]
  [1m[36mCACHE User Load (0.0ms)[0m  [1m[34mSELECT  "users".* FROM "users" WHERE "users"."id" = ? LIMIT ?[0m  [["id", 1], ["LIMIT", 1]]
  Rendered shared/_navbar.html.erb (0.8ms)
Completed 500 Internal Server Error in 317ms (ActiveRecord: 0.4ms)


  
SyntaxError (/Users/dhidalgo/Desktop/Desafio Latam/Presencial/Semana 15 - 1/actividad029/app/views/shared/_navbar.html.erb:25: syntax error, unexpected ',', expecting ')'
...d=( session_path(current_user), method: :delete);@output_buf...
...                              ^):
  
app/views/shared/_navbar.html.erb:25: syntax error, unexpected ',', expecting ')'
app/views/layouts/application.html.erb:27:in `_app_views_layouts_application_html_erb__446271803672315131_70133570131360'
Started GET "/" for 127.0.0.1 at 2018-12-13 17:22:25 -0300
Processing by HistoriesController#index as HTML
  Rendering histories/index.html.erb within layouts/application
  [1m[36mHistory Load (0.4ms)[0m  [1m[34mSELECT "histories".* FROM "histories"[0m
  Rendered histories/index.html.erb within layouts/application (3.0ms)
  [1m[36mUser Load (0.1ms)[0m  [1m[34mSELECT  "users".* FROM "users" WHERE "users"."id" = ? LIMIT ?[0m  [["id", 1], ["LIMIT", 1]]
  [1m[36mCACHE User Load (0.0ms)[0m  [1m[34mSELECT  "users".* FROM "users" WHERE "users"."id" = ? LIMIT ?[0m  [["id", 1], ["LIMIT", 1]]
  [1m[36mCACHE User Load (0.0ms)[0m  [1m[34mSELECT  "users".* FROM "users" WHERE "users"."id" = ? LIMIT ?[0m  [["id", 1], ["LIMIT", 1]]
  Rendered shared/_navbar.html.erb (1.1ms)
Completed 200 OK in 88ms (Views: 66.3ms | ActiveRecord: 0.5ms)


Started DELETE "/sessions/1" for 127.0.0.1 at 2018-12-13 17:22:30 -0300
Processing by SessionsController#destroy as HTML
  Parameters: {"authenticity_token"=>"aaJmJ1TyN4b7chr3fDSiQIqhJI4fLTs1wVRDwEHb7JhUeW3ayO+pAANLEiRmyFnBjgAQyeqbMX2ft2VIALXN3Q==", "id"=>"1"}
Redirected to http://localhost:3000/users/sign_in
Completed 302 Found in 1ms (ActiveRecord: 0.0ms)


Started GET "/users/sign_in" for 127.0.0.1 at 2018-12-13 17:22:30 -0300
Processing by SessionsController#new as HTML
  Rendering sessions/new.html.erb within layouts/application
  Rendered sessions/new.html.erb within layouts/application (2.3ms)
  Rendered shared/_navbar.html.erb (0.6ms)
Completed 200 OK in 56ms (Views: 38.6ms | ActiveRecord: 0.0ms)


Started GET "/users/sign_up" for 127.0.0.1 at 2018-12-13 17:22:33 -0300
Processing by UsersController#new as HTML
  Rendering users/new.html.erb within layouts/application
  Rendered users/new.html.erb within layouts/application (3.0ms)
  Rendered shared/_navbar.html.erb (0.7ms)
Completed 200 OK in 56ms (Views: 41.1ms | ActiveRecord: 0.0ms)


Started GET "/users/sign_in" for 127.0.0.1 at 2018-12-13 17:22:35 -0300
Processing by SessionsController#new as HTML
  Rendering sessions/new.html.erb within layouts/application
  Rendered sessions/new.html.erb within layouts/application (2.1ms)
  Rendered shared/_navbar.html.erb (0.7ms)
Completed 200 OK in 51ms (Views: 44.4ms | ActiveRecord: 0.0ms)


Started GET "/users/sign_up" for 127.0.0.1 at 2018-12-13 17:22:38 -0300
Processing by UsersController#new as HTML
  Rendering users/new.html.erb within layouts/application
  Rendered users/new.html.erb within layouts/application (5.8ms)
  Rendered shared/_navbar.html.erb (0.9ms)
Completed 200 OK in 61ms (Views: 54.6ms | ActiveRecord: 0.0ms)


Started GET "/users/sign_in" for 127.0.0.1 at 2018-12-13 17:22:40 -0300
Processing by SessionsController#new as HTML
  Rendering sessions/new.html.erb within layouts/application
  Rendered sessions/new.html.erb within layouts/application (3.7ms)
  Rendered shared/_navbar.html.erb (0.7ms)
Completed 200 OK in 66ms (Views: 55.7ms | ActiveRecord: 0.0ms)


  [1m[35m (0.3ms)[0m  [1m[34mSELECT "schema_migrations"."version" FROM "schema_migrations" ORDER BY "schema_migrations"."version" ASC[0m
Migrating to AddUserToPost (20181213220010)
  [1m[35m (0.1ms)[0m  [1m[36mbegin transaction[0m
  [1m[35m (0.9ms)[0m  [1m[35mALTER TABLE "posts" ADD "user_id" integer[0m
  [1m[35m (0.1ms)[0m  [1m[31mrollback transaction[0m
  [1m[35m (0.2ms)[0m  [1m[34mSELECT "schema_migrations"."version" FROM "schema_migrations" ORDER BY "schema_migrations"."version" ASC[0m
Migrating to AddUserToHistories (20181213220329)
  [1m[35m (0.1ms)[0m  [1m[36mbegin transaction[0m
  [1m[35m (23.6ms)[0m  [1m[35mALTER TABLE "histories" ADD "user_id" integer[0m
  [1m[35m (0.1ms)[0m  [1m[34mSELECT sqlite_version(*)[0m
  [1m[35m (0.3ms)[0m  [1m[35mCREATE  INDEX "index_histories_on_user_id" ON "histories" ("user_id")[0m
  [1m[35mSQL (2.7ms)[0m  [1m[32mINSERT INTO "schema_migrations" ("version") VALUES (?)[0m  [["version", "20181213220329"]]
  [1m[35m (1.8ms)[0m  [1m[36mcommit transaction[0m
  [1m[36mActiveRecord::InternalMetadata Load (0.4ms)[0m  [1m[34mSELECT  "ar_internal_metadata".* FROM "ar_internal_metadata" WHERE "ar_internal_metadata"."key" = ? LIMIT ?[0m  [["key", "environment"], ["LIMIT", 1]]
  [1m[35m (0.1ms)[0m  [1m[36mbegin transaction[0m
  [1m[35m (0.1ms)[0m  [1m[36mcommit transaction[0m
  [1m[35m (0.2ms)[0m  [1m[34mSELECT "schema_migrations"."version" FROM "schema_migrations" ORDER BY "schema_migrations"."version" ASC[0m
  [1m[35m (0.2ms)[0m  [1m[34m            SELECT sql
            FROM sqlite_master
            WHERE name='index_histories_on_user_id' AND type='index'
            UNION ALL
            SELECT sql
            FROM sqlite_temp_master
            WHERE name='index_histories_on_user_id' AND type='index'
[0m
Started GET "/" for 127.0.0.1 at 2018-12-16 19:51:48 -0300
  [1m[35m (0.5ms)[0m  [1m[34mSELECT "schema_migrations"."version" FROM "schema_migrations" ORDER BY "schema_migrations"."version" ASC[0m
Processing by HistoriesController#index as HTML
  Rendering histories/index.html.erb within layouts/application
  [1m[36mHistory Load (10.2ms)[0m  [1m[34mSELECT "histories".* FROM "histories"[0m
  Rendered histories/index.html.erb within layouts/application (18.0ms)
  Rendered shared/_navbar.html.erb (0.8ms)
Completed 200 OK in 1172ms (Views: 1097.9ms | ActiveRecord: 10.7ms)


Started GET "/histories/new" for 127.0.0.1 at 2018-12-16 19:51:53 -0300
Processing by HistoriesController#new as HTML
  Rendering histories/new.html.erb within layouts/application
  Rendered histories/_form.html.erb (42.4ms)
  Rendered histories/new.html.erb within layouts/application (48.8ms)
  Rendered shared/_navbar.html.erb (1.1ms)
Completed 200 OK in 143ms (Views: 95.6ms | ActiveRecord: 1.2ms)


Started GET "/users/sign_in" for 127.0.0.1 at 2018-12-16 19:52:02 -0300
Processing by SessionsController#new as HTML
  Rendering sessions/new.html.erb within layouts/application
  Rendered sessions/new.html.erb within layouts/application (64.9ms)
  Rendered shared/_navbar.html.erb (0.6ms)
Completed 200 OK in 164ms (Views: 106.7ms | ActiveRecord: 0.6ms)


Started POST "/sessions" for 127.0.0.1 at 2018-12-16 19:52:11 -0300
Processing by SessionsController#create as HTML
  Parameters: {"utf8"=>"✓", "authenticity_token"=>"d55I608e/FliJT0TKWo2G0zTvJllr2TRq42KHax+3jT/g+xrgvhH3RUNM/UKdloQk2ju35ftigcanmbs61e1VQ==", "user"=>{"email"=>"daniel.hg94@gmail.com", "password"=>"[FILTERED]"}, "commit"=>"Create User"}
  [1m[36mUser Load (11.1ms)[0m  [1m[34mSELECT  "users".* FROM "users" WHERE "users"."email" = ? LIMIT ?[0m  [["email", "daniel.hg94@gmail.com"], ["LIMIT", 1]]
Redirected to http://localhost:3000/
Completed 302 Found in 85ms (ActiveRecord: 11.1ms)


Started GET "/" for 127.0.0.1 at 2018-12-16 19:52:11 -0300
Processing by HistoriesController#index as HTML
  Rendering histories/index.html.erb within layouts/application
  [1m[36mHistory Load (0.3ms)[0m  [1m[34mSELECT "histories".* FROM "histories"[0m
  Rendered histories/index.html.erb within layouts/application (2.0ms)
  [1m[36mUser Load (0.2ms)[0m  [1m[34mSELECT  "users".* FROM "users" WHERE "users"."id" = ? LIMIT ?[0m  [["id", 1], ["LIMIT", 1]]
  [1m[36mCACHE User Load (0.0ms)[0m  [1m[34mSELECT  "users".* FROM "users" WHERE "users"."id" = ? LIMIT ?[0m  [["id", 1], ["LIMIT", 1]]
  [1m[36mCACHE User Load (0.0ms)[0m  [1m[34mSELECT  "users".* FROM "users" WHERE "users"."id" = ? LIMIT ?[0m  [["id", 1], ["LIMIT", 1]]
  Rendered shared/_navbar.html.erb (2.1ms)
Completed 200 OK in 82ms (Views: 77.2ms | ActiveRecord: 0.6ms)


Started GET "/histories/new" for 127.0.0.1 at 2018-12-16 19:52:13 -0300
Processing by HistoriesController#new as HTML
  Rendering histories/new.html.erb within layouts/application
  Rendered histories/_form.html.erb (4.8ms)
  Rendered histories/new.html.erb within layouts/application (12.1ms)
  [1m[36mUser Load (0.2ms)[0m  [1m[34mSELECT  "users".* FROM "users" WHERE "users"."id" = ? LIMIT ?[0m  [["id", 1], ["LIMIT", 1]]
  [1m[36mCACHE User Load (0.0ms)[0m  [1m[34mSELECT  "users".* FROM "users" WHERE "users"."id" = ? LIMIT ?[0m  [["id", 1], ["LIMIT", 1]]
  [1m[36mCACHE User Load (0.0ms)[0m  [1m[34mSELECT  "users".* FROM "users" WHERE "users"."id" = ? LIMIT ?[0m  [["id", 1], ["LIMIT", 1]]
  Rendered shared/_navbar.html.erb (1.8ms)
Completed 200 OK in 78ms (Views: 71.4ms | ActiveRecord: 0.3ms)


Started GET "/" for 127.0.0.1 at 2018-12-17 00:43:24 -0300
  [1m[35m (0.5ms)[0m  [1m[34mSELECT "schema_migrations"."version" FROM "schema_migrations" ORDER BY "schema_migrations"."version" ASC[0m
Processing by HistoriesController#index as HTML
  Rendering histories/index.html.erb within layouts/application
  [1m[36mHistory Load (19.3ms)[0m  [1m[34mSELECT "histories".* FROM "histories"[0m
  Rendered histories/index.html.erb within layouts/application (26.6ms)
  [1m[36mUser Load (11.1ms)[0m  [1m[34mSELECT  "users".* FROM "users" WHERE "users"."id" = ? LIMIT ?[0m  [["id", 1], ["LIMIT", 1]]
  [1m[36mUser Load (0.4ms)[0m  [1m[34mSELECT  "users".* FROM "users" WHERE "users"."id" = ? LIMIT ?[0m  [["id", 1], ["LIMIT", 1]]
  [1m[36mUser Load (0.2ms)[0m  [1m[34mSELECT  "users".* FROM "users" WHERE "users"."id" = ? LIMIT ?[0m  [["id", 1], ["LIMIT", 1]]
  Rendered shared/_navbar.html.erb (3.3ms)
Completed 200 OK in 531ms (Views: 439.1ms | ActiveRecord: 33.1ms)


Started GET "/histories/new" for 127.0.0.1 at 2018-12-17 00:48:56 -0300
Processing by HistoriesController#new as HTML
  Rendering histories/new.html.erb within layouts/application
  Rendered histories/_form.html.erb (49.0ms)
  Rendered histories/new.html.erb within layouts/application (53.4ms)
  [1m[36mUser Load (0.6ms)[0m  [1m[34mSELECT  "users".* FROM "users" WHERE "users"."id" = ? LIMIT ?[0m  [["id", 1], ["LIMIT", 1]]
  [1m[36mCACHE User Load (0.0ms)[0m  [1m[34mSELECT  "users".* FROM "users" WHERE "users"."id" = ? LIMIT ?[0m  [["id", 1], ["LIMIT", 1]]
  [1m[36mCACHE User Load (0.0ms)[0m  [1m[34mSELECT  "users".* FROM "users" WHERE "users"."id" = ? LIMIT ?[0m  [["id", 1], ["LIMIT", 1]]
  Rendered shared/_navbar.html.erb (1.5ms)
Completed 200 OK in 161ms (Views: 96.4ms | ActiveRecord: 1.8ms)


Started POST "/histories" for 127.0.0.1 at 2018-12-17 00:49:30 -0300
Processing by HistoriesController#create as HTML
  Parameters: {"utf8"=>"✓", "authenticity_token"=>"De6DF8QLbZUlEQ6fx2tfUH+3HNN4J7k7AfigZVJcZoboIY3AD3ifOco6EEgC7QceOlh+SHtRQghrxtBxvnd7IA==", "history"=>{"title"=>"Perro ", "remote_picture_url"=>"https://images.pexels.com/photos/356378/pexels-photo-356378.jpeg?cs=srgb&dl=adorable-animal-breed-356378.jpg&fm=jpg", "picture_cache"=>"", "content"=>"White dog"}, "commit"=>"Enviar"}
Unpermitted parameter: :picture_cache
  [1m[36mUser Load (0.3ms)[0m  [1m[34mSELECT  "users".* FROM "users" WHERE "users"."id" = ? LIMIT ?[0m  [["id", 1], ["LIMIT", 1]]
  [1m[35m (0.1ms)[0m  [1m[36mbegin transaction[0m
  [1m[35mSQL (34.1ms)[0m  [1m[32mINSERT INTO "histories" ("title", "picture", "content", "created_at", "updated_at", "user_id") VALUES (?, ?, ?, ?, ?, ?)[0m  [["title", "Perro "], ["picture", "adorable-animal-breed-356378.jpg"], ["content", "White dog"], ["created_at", "2018-12-17 03:49:33.448162"], ["updated_at", "2018-12-17 03:49:33.448162"], ["user_id", 1]]
  [1m[35m (6.2ms)[0m  [1m[36mcommit transaction[0m
Redirected to http://localhost:3000/histories/1
Completed 302 Found in 3154ms (ActiveRecord: 40.8ms)


Started GET "/histories/1" for 127.0.0.1 at 2018-12-17 00:49:33 -0300
Processing by HistoriesController#show as HTML
  Parameters: {"id"=>"1"}
  [1m[36mHistory Load (0.4ms)[0m  [1m[34mSELECT  "histories".* FROM "histories" WHERE "histories"."id" = ? LIMIT ?[0m  [["id", 1], ["LIMIT", 1]]
  Rendering histories/show.html.erb within layouts/application
  Rendered histories/show.html.erb within layouts/application (121.5ms)
  [1m[36mUser Load (0.5ms)[0m  [1m[34mSELECT  "users".* FROM "users" WHERE "users"."id" = ? LIMIT ?[0m  [["id", 1], ["LIMIT", 1]]
  [1m[36mCACHE User Load (0.0ms)[0m  [1m[34mSELECT  "users".* FROM "users" WHERE "users"."id" = ? LIMIT ?[0m  [["id", 1], ["LIMIT", 1]]
  [1m[36mCACHE User Load (0.0ms)[0m  [1m[34mSELECT  "users".* FROM "users" WHERE "users"."id" = ? LIMIT ?[0m  [["id", 1], ["LIMIT", 1]]
  Rendered shared/_navbar.html.erb (1.4ms)
Completed 200 OK in 206ms (Views: 181.0ms | ActiveRecord: 0.9ms)


Started GET "/histories" for 127.0.0.1 at 2018-12-17 00:49:44 -0300
Processing by HistoriesController#index as HTML
  Rendering histories/index.html.erb within layouts/application
  [1m[36mHistory Load (0.4ms)[0m  [1m[34mSELECT "histories".* FROM "histories"[0m
  Rendered histories/index.html.erb within layouts/application (7.1ms)
  [1m[36mUser Load (0.2ms)[0m  [1m[34mSELECT  "users".* FROM "users" WHERE "users"."id" = ? LIMIT ?[0m  [["id", 1], ["LIMIT", 1]]
  [1m[36mCACHE User Load (0.0ms)[0m  [1m[34mSELECT  "users".* FROM "users" WHERE "users"."id" = ? LIMIT ?[0m  [["id", 1], ["LIMIT", 1]]
  [1m[36mCACHE User Load (0.0ms)[0m  [1m[34mSELECT  "users".* FROM "users" WHERE "users"."id" = ? LIMIT ?[0m  [["id", 1], ["LIMIT", 1]]
  Rendered shared/_navbar.html.erb (1.9ms)
Completed 200 OK in 79ms (Views: 67.8ms | ActiveRecord: 0.7ms)


Started GET "/histories" for 127.0.0.1 at 2018-12-17 00:50:00 -0300
Processing by HistoriesController#index as HTML
  Rendering histories/index.html.erb within layouts/application
  [1m[36mHistory Load (0.4ms)[0m  [1m[34mSELECT "histories".* FROM "histories"[0m
  Rendered histories/index.html.erb within layouts/application (6.7ms)
  [1m[36mUser Load (0.2ms)[0m  [1m[34mSELECT  "users".* FROM "users" WHERE "users"."id" = ? LIMIT ?[0m  [["id", 1], ["LIMIT", 1]]
  [1m[36mCACHE User Load (0.0ms)[0m  [1m[34mSELECT  "users".* FROM "users" WHERE "users"."id" = ? LIMIT ?[0m  [["id", 1], ["LIMIT", 1]]
  [1m[36mCACHE User Load (0.0ms)[0m  [1m[34mSELECT  "users".* FROM "users" WHERE "users"."id" = ? LIMIT ?[0m  [["id", 1], ["LIMIT", 1]]
  Rendered shared/_navbar.html.erb (1.6ms)
Completed 200 OK in 82ms (Views: 75.2ms | ActiveRecord: 0.6ms)


Started GET "/histories" for 127.0.0.1 at 2018-12-17 00:50:01 -0300
Processing by HistoriesController#index as HTML
  Rendering histories/index.html.erb within layouts/application
  [1m[36mHistory Load (0.3ms)[0m  [1m[34mSELECT "histories".* FROM "histories"[0m
  Rendered histories/index.html.erb within layouts/application (5.9ms)
  [1m[36mUser Load (0.2ms)[0m  [1m[34mSELECT  "users".* FROM "users" WHERE "users"."id" = ? LIMIT ?[0m  [["id", 1], ["LIMIT", 1]]
  [1m[36mCACHE User Load (0.0ms)[0m  [1m[34mSELECT  "users".* FROM "users" WHERE "users"."id" = ? LIMIT ?[0m  [["id", 1], ["LIMIT", 1]]
  [1m[36mCACHE User Load (0.0ms)[0m  [1m[34mSELECT  "users".* FROM "users" WHERE "users"."id" = ? LIMIT ?[0m  [["id", 1], ["LIMIT", 1]]
  Rendered shared/_navbar.html.erb (1.2ms)
Completed 200 OK in 80ms (Views: 74.3ms | ActiveRecord: 0.6ms)


Started GET "/" for 127.0.0.1 at 2018-12-17 00:50:02 -0300
Processing by HistoriesController#index as HTML
  Rendering histories/index.html.erb within layouts/application
  [1m[36mHistory Load (0.4ms)[0m  [1m[34mSELECT "histories".* FROM "histories"[0m
  Rendered histories/index.html.erb within layouts/application (7.1ms)
  [1m[36mUser Load (0.2ms)[0m  [1m[34mSELECT  "users".* FROM "users" WHERE "users"."id" = ? LIMIT ?[0m  [["id", 1], ["LIMIT", 1]]
  [1m[36mCACHE User Load (0.0ms)[0m  [1m[34mSELECT  "users".* FROM "users" WHERE "users"."id" = ? LIMIT ?[0m  [["id", 1], ["LIMIT", 1]]
  [1m[36mCACHE User Load (0.0ms)[0m  [1m[34mSELECT  "users".* FROM "users" WHERE "users"."id" = ? LIMIT ?[0m  [["id", 1], ["LIMIT", 1]]
  Rendered shared/_navbar.html.erb (1.6ms)
Completed 200 OK in 79ms (Views: 72.4ms | ActiveRecord: 0.6ms)


Started GET "/histories/new" for 127.0.0.1 at 2018-12-17 00:50:04 -0300
Processing by HistoriesController#new as HTML
  Rendering histories/new.html.erb within layouts/application
  Rendered histories/_form.html.erb (7.6ms)
  Rendered histories/new.html.erb within layouts/application (14.6ms)
  [1m[36mUser Load (0.2ms)[0m  [1m[34mSELECT  "users".* FROM "users" WHERE "users"."id" = ? LIMIT ?[0m  [["id", 1], ["LIMIT", 1]]
  [1m[36mCACHE User Load (0.0ms)[0m  [1m[34mSELECT  "users".* FROM "users" WHERE "users"."id" = ? LIMIT ?[0m  [["id", 1], ["LIMIT", 1]]
  [1m[36mCACHE User Load (0.0ms)[0m  [1m[34mSELECT  "users".* FROM "users" WHERE "users"."id" = ? LIMIT ?[0m  [["id", 1], ["LIMIT", 1]]
  Rendered shared/_navbar.html.erb (1.3ms)
Completed 200 OK in 75ms (Views: 68.5ms | ActiveRecord: 0.2ms)


Started POST "/histories" for 127.0.0.1 at 2018-12-17 00:50:55 -0300
Processing by HistoriesController#create as HTML
  Parameters: {"utf8"=>"✓", "authenticity_token"=>"In352Lh/qyueXb4qjJpSnWZ9r1HsnXUl51LaSyjNpSnHsvcPcwxZh3F2oP1JHArTI5LNyu/rjhaNbKpfxOa4jw==", "history"=>{"title"=>"Dogs", "remote_picture_url"=>"https://images.pexels.com/photos/1108099/pexels-photo-1108099.jpeg?cs=srgb&dl=adorable-animal-breed-1108099.jpg&fm=jpg", "picture_cache"=>"", "content"=>"Two dogs"}, "commit"=>"Enviar"}
Unpermitted parameter: :picture_cache
  [1m[36mUser Load (0.3ms)[0m  [1m[34mSELECT  "users".* FROM "users" WHERE "users"."id" = ? LIMIT ?[0m  [["id", 1], ["LIMIT", 1]]
  [1m[35m (0.1ms)[0m  [1m[36mbegin transaction[0m
  [1m[35mSQL (0.6ms)[0m  [1m[32mINSERT INTO "histories" ("title", "picture", "content", "created_at", "updated_at", "user_id") VALUES (?, ?, ?, ?, ?, ?)[0m  [["title", "Dogs"], ["picture", "adorable-animal-breed-1108099.jpg"], ["content", "Two dogs"], ["created_at", "2018-12-17 03:50:58.719680"], ["updated_at", "2018-12-17 03:50:58.719680"], ["user_id", 1]]
  [1m[35m (6.0ms)[0m  [1m[36mcommit transaction[0m
Redirected to http://localhost:3000/histories/2
Completed 302 Found in 3675ms (ActiveRecord: 7.0ms)


Started GET "/histories/2" for 127.0.0.1 at 2018-12-17 00:50:58 -0300
Processing by HistoriesController#show as HTML
  Parameters: {"id"=>"2"}
  [1m[36mHistory Load (0.6ms)[0m  [1m[34mSELECT  "histories".* FROM "histories" WHERE "histories"."id" = ? LIMIT ?[0m  [["id", 2], ["LIMIT", 1]]
  Rendering histories/show.html.erb within layouts/application
  Rendered histories/show.html.erb within layouts/application (2.7ms)
  [1m[36mUser Load (0.2ms)[0m  [1m[34mSELECT  "users".* FROM "users" WHERE "users"."id" = ? LIMIT ?[0m  [["id", 1], ["LIMIT", 1]]
  [1m[36mCACHE User Load (0.0ms)[0m  [1m[34mSELECT  "users".* FROM "users" WHERE "users"."id" = ? LIMIT ?[0m  [["id", 1], ["LIMIT", 1]]
  [1m[36mCACHE User Load (0.0ms)[0m  [1m[34mSELECT  "users".* FROM "users" WHERE "users"."id" = ? LIMIT ?[0m  [["id", 1], ["LIMIT", 1]]
  Rendered shared/_navbar.html.erb (2.0ms)
Completed 200 OK in 82ms (Views: 74.0ms | ActiveRecord: 0.8ms)


Started GET "/histories" for 127.0.0.1 at 2018-12-17 00:51:07 -0300
Processing by HistoriesController#index as HTML
  Rendering histories/index.html.erb within layouts/application
  [1m[36mHistory Load (0.5ms)[0m  [1m[34mSELECT "histories".* FROM "histories"[0m
  Rendered histories/index.html.erb within layouts/application (7.2ms)
  [1m[36mUser Load (0.2ms)[0m  [1m[34mSELECT  "users".* FROM "users" WHERE "users"."id" = ? LIMIT ?[0m  [["id", 1], ["LIMIT", 1]]
  [1m[36mCACHE User Load (0.0ms)[0m  [1m[34mSELECT  "users".* FROM "users" WHERE "users"."id" = ? LIMIT ?[0m  [["id", 1], ["LIMIT", 1]]
  [1m[36mCACHE User Load (0.0ms)[0m  [1m[34mSELECT  "users".* FROM "users" WHERE "users"."id" = ? LIMIT ?[0m  [["id", 1], ["LIMIT", 1]]
  Rendered shared/_navbar.html.erb (1.4ms)
Completed 200 OK in 69ms (Views: 60.2ms | ActiveRecord: 0.7ms)


Started GET "/histories" for 127.0.0.1 at 2018-12-17 00:53:23 -0300
Processing by HistoriesController#index as HTML
  Rendering histories/index.html.erb within layouts/application
  [1m[36mHistory Load (0.3ms)[0m  [1m[34mSELECT "histories".* FROM "histories"[0m
  [1m[36mUser Load (0.2ms)[0m  [1m[34mSELECT  "users".* FROM "users" WHERE "users"."id" = ? LIMIT ?[0m  [["id", 1], ["LIMIT", 1]]
  [1m[36mCACHE User Load (0.1ms)[0m  [1m[34mSELECT  "users".* FROM "users" WHERE "users"."id" = ? LIMIT ?[0m  [["id", 1], ["LIMIT", 1]]
  Rendered histories/index.html.erb within layouts/application (65.2ms)
  [1m[36mCACHE User Load (0.0ms)[0m  [1m[34mSELECT  "users".* FROM "users" WHERE "users"."id" = ? LIMIT ?[0m  [["id", 1], ["LIMIT", 1]]
  [1m[36mCACHE User Load (0.0ms)[0m  [1m[34mSELECT  "users".* FROM "users" WHERE "users"."id" = ? LIMIT ?[0m  [["id", 1], ["LIMIT", 1]]
  [1m[36mCACHE User Load (0.0ms)[0m  [1m[34mSELECT  "users".* FROM "users" WHERE "users"."id" = ? LIMIT ?[0m  [["id", 1], ["LIMIT", 1]]
  Rendered shared/_navbar.html.erb (1.5ms)
Completed 200 OK in 124ms (Views: 118.1ms | ActiveRecord: 0.6ms)


Started GET "/histories" for 127.0.0.1 at 2018-12-17 00:53:37 -0300
Processing by HistoriesController#index as HTML
  Rendering histories/index.html.erb within layouts/application
  [1m[36mHistory Load (0.2ms)[0m  [1m[34mSELECT "histories".* FROM "histories"[0m
  Rendered histories/index.html.erb within layouts/application (345.7ms)
Completed 500 Internal Server Error in 362ms (ActiveRecord: 0.2ms)


  
ActionView::Template::Error (undefined local variable or method `email' for #<#<Class:0x00007fb7e614afa0>:0x00007fb7e8362b10>):
    16:           <h3><%= history.title %></h3>
    17:           <small><%= time_ago_in_words(history.created_at) %> ago</small>
    18:           <p><%= history.content.truncate(150)  %></p>
    19:           <p><%= history.user(email)  %></p>
    20:           <p><%= link_to 'Show', history, class: "btn btn-primary" %> <%= link_to 'Edit', edit_history_path(history), class: "btn btn-warning" %> <%= link_to 'Destroy', history, method: :delete, data: { confirm: 'Are you sure?' }, class: "btn btn-danger" %></p>
    21:         </div>
    22:       </div>
  
app/views/histories/index.html.erb:19:in `block in _app_views_histories_index_html_erb__1129198047294143397_70213925818540'
app/views/histories/index.html.erb:11:in `each'
app/views/histories/index.html.erb:11:in `_app_views_histories_index_html_erb__1129198047294143397_70213925818540'
Started GET "/histories" for 127.0.0.1 at 2018-12-17 00:53:57 -0300
Processing by HistoriesController#index as HTML
  Rendering histories/index.html.erb within layouts/application
  [1m[36mHistory Load (0.3ms)[0m  [1m[34mSELECT "histories".* FROM "histories"[0m
  [1m[36mUser Load (0.3ms)[0m  [1m[34mSELECT  "users".* FROM "users" WHERE "users"."id" = ? LIMIT ?[0m  [["id", 1], ["LIMIT", 1]]
  [1m[36mCACHE User Load (0.0ms)[0m  [1m[34mSELECT  "users".* FROM "users" WHERE "users"."id" = ? LIMIT ?[0m  [["id", 1], ["LIMIT", 1]]
  Rendered histories/index.html.erb within layouts/application (9.3ms)
  [1m[36mCACHE User Load (0.0ms)[0m  [1m[34mSELECT  "users".* FROM "users" WHERE "users"."id" = ? LIMIT ?[0m  [["id", 1], ["LIMIT", 1]]
  [1m[36mCACHE User Load (0.0ms)[0m  [1m[34mSELECT  "users".* FROM "users" WHERE "users"."id" = ? LIMIT ?[0m  [["id", 1], ["LIMIT", 1]]
  [1m[36mCACHE User Load (0.0ms)[0m  [1m[34mSELECT  "users".* FROM "users" WHERE "users"."id" = ? LIMIT ?[0m  [["id", 1], ["LIMIT", 1]]
  Rendered shared/_navbar.html.erb (2.2ms)
Completed 200 OK in 73ms (Views: 66.1ms | ActiveRecord: 0.7ms)


Started DELETE "/sessions/1" for 127.0.0.1 at 2018-12-17 00:54:10 -0300
Processing by SessionsController#destroy as HTML
  Parameters: {"authenticity_token"=>"Tj1sXd7Qn6/CvBL43JrM+2OMZoYpXtXH2/mJ82AVxnNFXsxFbmVVpIa/shzTgRIoqBkNiLigseaP94OY2Ggz9g==", "id"=>"1"}
Redirected to http://localhost:3000/users/sign_in
Completed 302 Found in 1ms (ActiveRecord: 0.0ms)


Started GET "/users/sign_in" for 127.0.0.1 at 2018-12-17 00:54:11 -0300
Processing by SessionsController#new as HTML
  Rendering sessions/new.html.erb within layouts/application
  Rendered sessions/new.html.erb within layouts/application (17.7ms)
  Rendered shared/_navbar.html.erb (0.7ms)
Completed 200 OK in 78ms (Views: 65.8ms | ActiveRecord: 0.0ms)


Started GET "/" for 127.0.0.1 at 2018-12-17 00:54:13 -0300
Processing by HistoriesController#index as HTML
  Rendering histories/index.html.erb within layouts/application
  [1m[36mHistory Load (0.4ms)[0m  [1m[34mSELECT "histories".* FROM "histories"[0m
  [1m[36mUser Load (0.3ms)[0m  [1m[34mSELECT  "users".* FROM "users" WHERE "users"."id" = ? LIMIT ?[0m  [["id", 1], ["LIMIT", 1]]
  [1m[36mCACHE User Load (0.2ms)[0m  [1m[34mSELECT  "users".* FROM "users" WHERE "users"."id" = ? LIMIT ?[0m  [["id", 1], ["LIMIT", 1]]
  Rendered histories/index.html.erb within layouts/application (13.8ms)
  Rendered shared/_navbar.html.erb (1.2ms)
Completed 200 OK in 75ms (Views: 67.0ms | ActiveRecord: 0.8ms)


Started GET "/histories/new" for 127.0.0.1 at 2018-12-17 00:54:15 -0300
Processing by HistoriesController#new as HTML
  Rendering histories/new.html.erb within layouts/application
  Rendered histories/_form.html.erb (3.2ms)
  Rendered histories/new.html.erb within layouts/application (9.4ms)
  Rendered shared/_navbar.html.erb (0.7ms)
Completed 200 OK in 67ms (Views: 60.2ms | ActiveRecord: 0.0ms)


Started POST "/histories" for 127.0.0.1 at 2018-12-17 00:54:44 -0300
Processing by HistoriesController#create as HTML
  Parameters: {"utf8"=>"✓", "authenticity_token"=>"ou/Hq5RA08LcXrp4vIOAf11gOL2Gz/fLGtxmvfz4EWa+Fq8zt5kojxCvsFDXVTJRWU7Gu2STRQ4b5ndqCEtSQA==", "history"=>{"title"=>"Dog", "remote_picture_url"=>"https://images.pexels.com/photos/89775/dog-hovawart-black-pet-89775.jpeg?cs=srgb&dl=animal-animal-photography-close-up-89775.jpg&fm=jpg", "picture_cache"=>"", "content"=>"Black dog"}, "commit"=>"Enviar"}
Unpermitted parameter: :picture_cache
  [1m[36mUser Load (0.3ms)[0m  [1m[34mSELECT  "users".* FROM "users" WHERE "users"."id" = ? LIMIT ?[0m  [["id", nil], ["LIMIT", 1]]
Completed 404 Not Found in 975ms (ActiveRecord: 0.3ms)


  
ActiveRecord::RecordNotFound (Couldn't find User with 'id'=):
  
app/helpers/users_helper.rb:4:in `current_user'
app/controllers/histories_controller.rb:28:in `create'
Started GET "/" for 127.0.0.1 at 2018-12-17 00:55:03 -0300
Processing by HistoriesController#index as HTML
  Rendering histories/index.html.erb within layouts/application
  [1m[36mHistory Load (0.3ms)[0m  [1m[34mSELECT "histories".* FROM "histories"[0m
  [1m[36mUser Load (0.3ms)[0m  [1m[34mSELECT  "users".* FROM "users" WHERE "users"."id" = ? LIMIT ?[0m  [["id", 1], ["LIMIT", 1]]
  [1m[36mCACHE User Load (0.0ms)[0m  [1m[34mSELECT  "users".* FROM "users" WHERE "users"."id" = ? LIMIT ?[0m  [["id", 1], ["LIMIT", 1]]
  Rendered histories/index.html.erb within layouts/application (7.8ms)
  Rendered shared/_navbar.html.erb (1.5ms)
Completed 200 OK in 68ms (Views: 59.8ms | ActiveRecord: 0.6ms)


Started GET "/users/sign_up" for 127.0.0.1 at 2018-12-17 00:55:07 -0300
Processing by UsersController#new as HTML
  Rendering users/new.html.erb within layouts/application
  Rendered users/new.html.erb within layouts/application (5.6ms)
  Rendered shared/_navbar.html.erb (1.0ms)
Completed 200 OK in 66ms (Views: 58.9ms | ActiveRecord: 0.0ms)


Started POST "/users" for 127.0.0.1 at 2018-12-17 00:55:21 -0300
Processing by UsersController#create as HTML
  Parameters: {"utf8"=>"✓", "authenticity_token"=>"IGoW8h2ceCs/i+9Y/VId2EPSERn2/XMUzBpTvx7MlBn/mF2HTAkU8+yZiakUdTpeXF5bikojSOJtKUCBUFbesQ==", "user"=>{"name"=>"Ignacio", "email"=>"ignacio@gmail.com", "password"=>"[FILTERED]"}, "commit"=>"Create User"}
  [1m[35m (0.1ms)[0m  [1m[36mbegin transaction[0m
  [1m[36mUser Exists (1.0ms)[0m  [1m[34mSELECT  1 AS one FROM "users" WHERE "users"."email" = ? LIMIT ?[0m  [["email", "ignacio@gmail.com"], ["LIMIT", 1]]
  [1m[35mSQL (0.6ms)[0m  [1m[32mINSERT INTO "users" ("name", "email", "password", "created_at", "updated_at") VALUES (?, ?, ?, ?, ?)[0m  [["name", "Ignacio"], ["email", "ignacio@gmail.com"], ["password", "123456"], ["created_at", "2018-12-17 03:55:21.318698"], ["updated_at", "2018-12-17 03:55:21.318698"]]
  [1m[35m (1.4ms)[0m  [1m[36mcommit transaction[0m
Redirected to http://localhost:3000/
Completed 302 Found in 47ms (ActiveRecord: 3.1ms)


Started GET "/" for 127.0.0.1 at 2018-12-17 00:55:21 -0300
Processing by HistoriesController#index as HTML
  Rendering histories/index.html.erb within layouts/application
  [1m[36mHistory Load (0.4ms)[0m  [1m[34mSELECT "histories".* FROM "histories"[0m
  [1m[36mUser Load (0.7ms)[0m  [1m[34mSELECT  "users".* FROM "users" WHERE "users"."id" = ? LIMIT ?[0m  [["id", 1], ["LIMIT", 1]]
  [1m[36mCACHE User Load (0.0ms)[0m  [1m[34mSELECT  "users".* FROM "users" WHERE "users"."id" = ? LIMIT ?[0m  [["id", 1], ["LIMIT", 1]]
  Rendered histories/index.html.erb within layouts/application (11.1ms)
  [1m[36mUser Load (0.4ms)[0m  [1m[34mSELECT  "users".* FROM "users" WHERE "users"."id" = ? LIMIT ?[0m  [["id", 2], ["LIMIT", 1]]
  [1m[36mCACHE User Load (0.0ms)[0m  [1m[34mSELECT  "users".* FROM "users" WHERE "users"."id" = ? LIMIT ?[0m  [["id", 2], ["LIMIT", 1]]
  [1m[36mCACHE User Load (0.0ms)[0m  [1m[34mSELECT  "users".* FROM "users" WHERE "users"."id" = ? LIMIT ?[0m  [["id", 2], ["LIMIT", 1]]
  Rendered shared/_navbar.html.erb (1.2ms)
Completed 200 OK in 71ms (Views: 65.4ms | ActiveRecord: 1.5ms)


Started GET "/histories/new" for 127.0.0.1 at 2018-12-17 00:55:23 -0300
Processing by HistoriesController#new as HTML
  Rendering histories/new.html.erb within layouts/application
  Rendered histories/_form.html.erb (5.1ms)
  Rendered histories/new.html.erb within layouts/application (12.2ms)
  [1m[36mUser Load (0.3ms)[0m  [1m[34mSELECT  "users".* FROM "users" WHERE "users"."id" = ? LIMIT ?[0m  [["id", 2], ["LIMIT", 1]]
  [1m[36mCACHE User Load (0.0ms)[0m  [1m[34mSELECT  "users".* FROM "users" WHERE "users"."id" = ? LIMIT ?[0m  [["id", 2], ["LIMIT", 1]]
  [1m[36mCACHE User Load (0.0ms)[0m  [1m[34mSELECT  "users".* FROM "users" WHERE "users"."id" = ? LIMIT ?[0m  [["id", 2], ["LIMIT", 1]]
  Rendered shared/_navbar.html.erb (1.5ms)
Completed 200 OK in 93ms (Views: 86.2ms | ActiveRecord: 0.3ms)


Started POST "/histories" for 127.0.0.1 at 2018-12-17 00:55:33 -0300
Processing by HistoriesController#create as HTML
  Parameters: {"utf8"=>"✓", "authenticity_token"=>"mh5zXlKqyEhBwnpuwH6BDsr2sV79xbwVzmsyD5Ja1GaG5xvGcXMzBY0zcEarqDMgzthPWB+ZDtDPUSPYZumXQA==", "history"=>{"title"=>"Dog", "remote_picture_url"=>"https://images.pexels.com/photos/89775/dog-hovawart-black-pet-89775.jpeg?cs=srgb&dl=animal-animal-photography-close-up-89775.jpg&fm=jpg", "picture_cache"=>"", "content"=>"Black Dog"}, "commit"=>"Enviar"}
Unpermitted parameter: :picture_cache
  [1m[36mUser Load (0.3ms)[0m  [1m[34mSELECT  "users".* FROM "users" WHERE "users"."id" = ? LIMIT ?[0m  [["id", 2], ["LIMIT", 1]]
  [1m[35m (0.1ms)[0m  [1m[36mbegin transaction[0m
  [1m[35mSQL (0.7ms)[0m  [1m[32mINSERT INTO "histories" ("title", "picture", "content", "created_at", "updated_at", "user_id") VALUES (?, ?, ?, ?, ?, ?)[0m  [["title", "Dog"], ["picture", "animal-animal-photography-close-up-89775.jpg"], ["content", "Black Dog"], ["created_at", "2018-12-17 03:55:34.107711"], ["updated_at", "2018-12-17 03:55:34.107711"], ["user_id", 2]]
  [1m[35m (26.8ms)[0m  [1m[36mcommit transaction[0m
Redirected to http://localhost:3000/histories/3
Completed 302 Found in 859ms (ActiveRecord: 27.9ms)


Started GET "/histories/3" for 127.0.0.1 at 2018-12-17 00:55:34 -0300
Processing by HistoriesController#show as HTML
  Parameters: {"id"=>"3"}
  [1m[36mHistory Load (0.3ms)[0m  [1m[34mSELECT  "histories".* FROM "histories" WHERE "histories"."id" = ? LIMIT ?[0m  [["id", 3], ["LIMIT", 1]]
  Rendering histories/show.html.erb within layouts/application
  Rendered histories/show.html.erb within layouts/application (4.3ms)
  [1m[36mUser Load (0.2ms)[0m  [1m[34mSELECT  "users".* FROM "users" WHERE "users"."id" = ? LIMIT ?[0m  [["id", 2], ["LIMIT", 1]]
  [1m[36mCACHE User Load (0.0ms)[0m  [1m[34mSELECT  "users".* FROM "users" WHERE "users"."id" = ? LIMIT ?[0m  [["id", 2], ["LIMIT", 1]]
  [1m[36mCACHE User Load (0.0ms)[0m  [1m[34mSELECT  "users".* FROM "users" WHERE "users"."id" = ? LIMIT ?[0m  [["id", 2], ["LIMIT", 1]]
  Rendered shared/_navbar.html.erb (2.1ms)
Completed 200 OK in 81ms (Views: 76.2ms | ActiveRecord: 0.5ms)


Started GET "/histories" for 127.0.0.1 at 2018-12-17 00:55:36 -0300
Processing by HistoriesController#index as HTML
  Rendering histories/index.html.erb within layouts/application
  [1m[36mHistory Load (0.6ms)[0m  [1m[34mSELECT "histories".* FROM "histories"[0m
  [1m[36mUser Load (0.7ms)[0m  [1m[34mSELECT  "users".* FROM "users" WHERE "users"."id" = ? LIMIT ?[0m  [["id", 2], ["LIMIT", 1]]
  [1m[36mUser Load (0.2ms)[0m  [1m[34mSELECT  "users".* FROM "users" WHERE "users"."id" = ? LIMIT ?[0m  [["id", 1], ["LIMIT", 1]]
  [1m[36mCACHE User Load (0.0ms)[0m  [1m[34mSELECT  "users".* FROM "users" WHERE "users"."id" = ? LIMIT ?[0m  [["id", 1], ["LIMIT", 1]]
  Rendered histories/index.html.erb within layouts/application (19.2ms)
  [1m[36mCACHE User Load (0.0ms)[0m  [1m[34mSELECT  "users".* FROM "users" WHERE "users"."id" = ? LIMIT ?[0m  [["id", 2], ["LIMIT", 1]]
  [1m[36mCACHE User Load (0.0ms)[0m  [1m[34mSELECT  "users".* FROM "users" WHERE "users"."id" = ? LIMIT ?[0m  [["id", 2], ["LIMIT", 1]]
  [1m[36mCACHE User Load (0.0ms)[0m  [1m[34mSELECT  "users".* FROM "users" WHERE "users"."id" = ? LIMIT ?[0m  [["id", 2], ["LIMIT", 1]]
  Rendered shared/_navbar.html.erb (1.5ms)
Completed 200 OK in 73ms (Views: 62.7ms | ActiveRecord: 1.6ms)


Started GET "/histories/3" for 127.0.0.1 at 2018-12-17 00:56:38 -0300
Processing by HistoriesController#show as HTML
  Parameters: {"id"=>"3"}
  [1m[36mHistory Load (0.3ms)[0m  [1m[34mSELECT  "histories".* FROM "histories" WHERE "histories"."id" = ? LIMIT ?[0m  [["id", 3], ["LIMIT", 1]]
  Rendering histories/show.html.erb within layouts/application
  Rendered histories/show.html.erb within layouts/application (4.1ms)
  [1m[36mUser Load (0.2ms)[0m  [1m[34mSELECT  "users".* FROM "users" WHERE "users"."id" = ? LIMIT ?[0m  [["id", 2], ["LIMIT", 1]]
  [1m[36mCACHE User Load (0.0ms)[0m  [1m[34mSELECT  "users".* FROM "users" WHERE "users"."id" = ? LIMIT ?[0m  [["id", 2], ["LIMIT", 1]]
  [1m[36mCACHE User Load (0.0ms)[0m  [1m[34mSELECT  "users".* FROM "users" WHERE "users"."id" = ? LIMIT ?[0m  [["id", 2], ["LIMIT", 1]]
  Rendered shared/_navbar.html.erb (1.4ms)
Completed 200 OK in 82ms (Views: 74.4ms | ActiveRecord: 0.5ms)


Started GET "/histories/3" for 127.0.0.1 at 2018-12-17 00:56:42 -0300
Processing by HistoriesController#show as HTML
  Parameters: {"id"=>"3"}
  [1m[36mHistory Load (0.2ms)[0m  [1m[34mSELECT  "histories".* FROM "histories" WHERE "histories"."id" = ? LIMIT ?[0m  [["id", 3], ["LIMIT", 1]]
  Rendering histories/show.html.erb within layouts/application
  Rendered histories/show.html.erb within layouts/application (3.9ms)
  [1m[36mUser Load (0.2ms)[0m  [1m[34mSELECT  "users".* FROM "users" WHERE "users"."id" = ? LIMIT ?[0m  [["id", 2], ["LIMIT", 1]]
  [1m[36mCACHE User Load (0.0ms)[0m  [1m[34mSELECT  "users".* FROM "users" WHERE "users"."id" = ? LIMIT ?[0m  [["id", 2], ["LIMIT", 1]]
  [1m[36mCACHE User Load (0.0ms)[0m  [1m[34mSELECT  "users".* FROM "users" WHERE "users"."id" = ? LIMIT ?[0m  [["id", 2], ["LIMIT", 1]]
  Rendered shared/_navbar.html.erb (2.0ms)
Completed 200 OK in 93ms (Views: 81.0ms | ActiveRecord: 0.5ms)


Started GET "/histories" for 127.0.0.1 at 2018-12-17 00:57:45 -0300
Processing by HistoriesController#index as HTML
  Rendering histories/index.html.erb within layouts/application
  [1m[36mHistory Load (0.6ms)[0m  [1m[34mSELECT  "histories".* FROM "histories" LIMIT ?[0m  [["LIMIT", 11]]
  Rendered histories/index.html.erb within layouts/application (11.8ms)
Completed 500 Internal Server Error in 29ms (ActiveRecord: 0.6ms)


  
ActionView::Template::Error (undefined method `user' for #<History::ActiveRecord_Relation:0x00007fb7e8493480>):
     8: </div>
     9: 
    10: <div class="row">
    11:   <% @histories.user.reverse.each do |history| %>
    12:     <div class="col-sm-6 col-md-4">
    13:       <div class="thumbnail">
    14:         <%= link_to(image_tag(history.picture.thumb), history) if history.picture? %>
  
app/views/histories/index.html.erb:11:in `_app_views_histories_index_html_erb__1129198047294143397_70213926421400'
Started GET "/histories" for 127.0.0.1 at 2018-12-17 00:59:01 -0300
Processing by HistoriesController#index as HTML
  Rendering histories/index.html.erb within layouts/application
  [1m[36mHistory Load (0.3ms)[0m  [1m[34mSELECT "histories".* FROM "histories"[0m
  [1m[36mUser Load (0.5ms)[0m  [1m[34mSELECT  "users".* FROM "users" WHERE "users"."id" = ? LIMIT ?[0m  [["id", 2], ["LIMIT", 1]]
  [1m[36mCACHE User Load (0.0ms)[0m  [1m[34mSELECT  "users".* FROM "users" WHERE "users"."id" = ? LIMIT ?[0m  [["id", 2], ["LIMIT", 1]]
  [1m[36mUser Load (0.4ms)[0m  [1m[34mSELECT  "users".* FROM "users" WHERE "users"."id" = ? LIMIT ?[0m  [["id", 1], ["LIMIT", 1]]
  [1m[36mCACHE User Load (0.0ms)[0m  [1m[34mSELECT  "users".* FROM "users" WHERE "users"."id" = ? LIMIT ?[0m  [["id", 2], ["LIMIT", 1]]
  [1m[36mCACHE User Load (0.0ms)[0m  [1m[34mSELECT  "users".* FROM "users" WHERE "users"."id" = ? LIMIT ?[0m  [["id", 1], ["LIMIT", 1]]
  [1m[36mCACHE User Load (0.0ms)[0m  [1m[34mSELECT  "users".* FROM "users" WHERE "users"."id" = ? LIMIT ?[0m  [["id", 2], ["LIMIT", 1]]
  Rendered histories/index.html.erb within layouts/application (17.2ms)
  [1m[36mCACHE User Load (0.0ms)[0m  [1m[34mSELECT  "users".* FROM "users" WHERE "users"."id" = ? LIMIT ?[0m  [["id", 2], ["LIMIT", 1]]
  [1m[36mCACHE User Load (0.0ms)[0m  [1m[34mSELECT  "users".* FROM "users" WHERE "users"."id" = ? LIMIT ?[0m  [["id", 2], ["LIMIT", 1]]
  [1m[36mCACHE User Load (0.1ms)[0m  [1m[34mSELECT  "users".* FROM "users" WHERE "users"."id" = ? LIMIT ?[0m  [["id", 2], ["LIMIT", 1]]
  Rendered shared/_navbar.html.erb (8.2ms)
Completed 200 OK in 89ms (Views: 82.7ms | ActiveRecord: 1.5ms)


Started DELETE "/sessions/2" for 127.0.0.1 at 2018-12-17 00:59:08 -0300
Processing by SessionsController#destroy as HTML
  Parameters: {"authenticity_token"=>"5PbW02sMnjjPSozbEHUpEu8a0iLezSjiT85qqAtlZSv0IUqoXYzC94r4Rdys3iFuxQd7gzgT4u+DQQVX7BsXMQ==", "id"=>"2"}
Redirected to http://localhost:3000/users/sign_in
Completed 302 Found in 1ms (ActiveRecord: 0.0ms)


Started GET "/users/sign_in" for 127.0.0.1 at 2018-12-17 00:59:08 -0300
Processing by SessionsController#new as HTML
  Rendering sessions/new.html.erb within layouts/application
  Rendered sessions/new.html.erb within layouts/application (2.7ms)
  Rendered shared/_navbar.html.erb (1.3ms)
Completed 200 OK in 61ms (Views: 55.4ms | ActiveRecord: 0.0ms)


Started GET "/" for 127.0.0.1 at 2018-12-17 00:59:10 -0300
Processing by HistoriesController#index as HTML
  Rendering histories/index.html.erb within layouts/application
  [1m[36mHistory Load (0.4ms)[0m  [1m[34mSELECT "histories".* FROM "histories"[0m
  [1m[36mUser Load (0.2ms)[0m  [1m[34mSELECT  "users".* FROM "users" WHERE "users"."id" = ? LIMIT ?[0m  [["id", 2], ["LIMIT", 1]]
  [1m[36mUser Load (0.2ms)[0m  [1m[34mSELECT  "users".* FROM "users" WHERE "users"."id" = ? LIMIT ?[0m  [["id", nil], ["LIMIT", 1]]
  Rendered histories/index.html.erb within layouts/application (12.8ms)
Completed 500 Internal Server Error in 36ms (ActiveRecord: 0.8ms)


  
ActiveRecord::RecordNotFound (Couldn't find User with 'id'=):
  
app/helpers/users_helper.rb:4:in `current_user'
app/views/histories/index.html.erb:12:in `block in _app_views_histories_index_html_erb__1129198047294143397_70213925962760'
app/views/histories/index.html.erb:11:in `each'
app/views/histories/index.html.erb:11:in `_app_views_histories_index_html_erb__1129198047294143397_70213925962760'
Started GET "/" for 127.0.0.1 at 2018-12-17 00:59:14 -0300
Processing by HistoriesController#index as HTML
  Rendering histories/index.html.erb within layouts/application
  [1m[36mHistory Load (0.3ms)[0m  [1m[34mSELECT "histories".* FROM "histories"[0m
  [1m[36mUser Load (0.2ms)[0m  [1m[34mSELECT  "users".* FROM "users" WHERE "users"."id" = ? LIMIT ?[0m  [["id", 2], ["LIMIT", 1]]
  [1m[36mUser Load (0.2ms)[0m  [1m[34mSELECT  "users".* FROM "users" WHERE "users"."id" = ? LIMIT ?[0m  [["id", nil], ["LIMIT", 1]]
  Rendered histories/index.html.erb within layouts/application (10.2ms)
Completed 500 Internal Server Error in 27ms (ActiveRecord: 0.7ms)


  
ActiveRecord::RecordNotFound (Couldn't find User with 'id'=):
  
app/helpers/users_helper.rb:4:in `current_user'
app/views/histories/index.html.erb:12:in `block in _app_views_histories_index_html_erb__1129198047294143397_70213910887340'
app/views/histories/index.html.erb:11:in `each'
app/views/histories/index.html.erb:11:in `_app_views_histories_index_html_erb__1129198047294143397_70213910887340'
Started GET "/" for 127.0.0.1 at 2018-12-17 01:00:43 -0300
Processing by HistoriesController#index as HTML
  Rendering histories/index.html.erb within layouts/application
  Rendered histories/index.html.erb within layouts/application (1.5ms)
Completed 500 Internal Server Error in 18ms (ActiveRecord: 0.0ms)


  
SyntaxError (/Users/dhidalgo/Desktop/Desafio Latam/Presencial/Semana 15 - 1/actividad029/app/views/histories/index.html.erb:52: syntax error, unexpected end-of-input, expecting keyword_end
          end
             ^):
  
app/views/histories/index.html.erb:52: syntax error, unexpected end-of-input, expecting keyword_end
Started GET "/" for 127.0.0.1 at 2018-12-17 01:01:02 -0300
Processing by HistoriesController#index as HTML
  Rendering histories/index.html.erb within layouts/application
  [1m[36mHistory Load (0.2ms)[0m  [1m[34mSELECT "histories".* FROM "histories"[0m
  [1m[36mUser Load (0.1ms)[0m  [1m[34mSELECT  "users".* FROM "users" WHERE "users"."id" = ? LIMIT ?[0m  [["id", 2], ["LIMIT", 1]]
  [1m[36mUser Load (0.1ms)[0m  [1m[34mSELECT  "users".* FROM "users" WHERE "users"."id" = ? LIMIT ?[0m  [["id", nil], ["LIMIT", 1]]
  Rendered histories/index.html.erb within layouts/application (7.9ms)
Completed 500 Internal Server Error in 24ms (ActiveRecord: 0.5ms)


  
ActiveRecord::RecordNotFound (Couldn't find User with 'id'=):
  
app/helpers/users_helper.rb:4:in `current_user'
app/views/histories/index.html.erb:12:in `block in _app_views_histories_index_html_erb__1129198047294143397_70213881661580'
app/views/histories/index.html.erb:11:in `each'
app/views/histories/index.html.erb:11:in `_app_views_histories_index_html_erb__1129198047294143397_70213881661580'
Started GET "/users/sign_in" for 127.0.0.1 at 2018-12-17 01:01:49 -0300
Processing by SessionsController#new as HTML
  Rendering sessions/new.html.erb within layouts/application
  Rendered sessions/new.html.erb within layouts/application (2.3ms)
  Rendered shared/_navbar.html.erb (0.7ms)
Completed 200 OK in 53ms (Views: 47.4ms | ActiveRecord: 0.0ms)


Started POST "/sessions" for 127.0.0.1 at 2018-12-17 01:01:57 -0300
Processing by SessionsController#create as HTML
  Parameters: {"utf8"=>"✓", "authenticity_token"=>"1oA49yTgM1svKMm9qJJ65tqyem9uUOs6jZwm8dlrw7xDyv2O3k/flkWPyJFxwigFwmuPzA0GXhhmvUgwyxmAqA==", "user"=>{"email"=>"daniel.hg94@gmail.com", "password"=>"[FILTERED]"}, "commit"=>"Create User"}
  [1m[36mUser Load (0.4ms)[0m  [1m[34mSELECT  "users".* FROM "users" WHERE "users"."email" = ? LIMIT ?[0m  [["email", "daniel.hg94@gmail.com"], ["LIMIT", 1]]
Redirected to http://localhost:3000/
Completed 302 Found in 4ms (ActiveRecord: 0.4ms)


Started GET "/" for 127.0.0.1 at 2018-12-17 01:01:57 -0300
Processing by HistoriesController#index as HTML
  Rendering histories/index.html.erb within layouts/application
  [1m[36mHistory Load (0.4ms)[0m  [1m[34mSELECT "histories".* FROM "histories"[0m
  [1m[36mUser Load (0.3ms)[0m  [1m[34mSELECT  "users".* FROM "users" WHERE "users"."id" = ? LIMIT ?[0m  [["id", 2], ["LIMIT", 1]]
  [1m[36mUser Load (0.2ms)[0m  [1m[34mSELECT  "users".* FROM "users" WHERE "users"."id" = ? LIMIT ?[0m  [["id", 1], ["LIMIT", 1]]
  [1m[36mCACHE User Load (0.0ms)[0m  [1m[34mSELECT  "users".* FROM "users" WHERE "users"."id" = ? LIMIT ?[0m  [["id", 1], ["LIMIT", 1]]
  Rendered histories/index.html.erb within layouts/application (17.8ms)
  [1m[36mCACHE User Load (0.0ms)[0m  [1m[34mSELECT  "users".* FROM "users" WHERE "users"."id" = ? LIMIT ?[0m  [["id", 1], ["LIMIT", 1]]
  [1m[36mCACHE User Load (0.0ms)[0m  [1m[34mSELECT  "users".* FROM "users" WHERE "users"."id" = ? LIMIT ?[0m  [["id", 1], ["LIMIT", 1]]
  [1m[36mCACHE User Load (0.0ms)[0m  [1m[34mSELECT  "users".* FROM "users" WHERE "users"."id" = ? LIMIT ?[0m  [["id", 1], ["LIMIT", 1]]
  Rendered shared/_navbar.html.erb (1.6ms)
Completed 200 OK in 83ms (Views: 75.6ms | ActiveRecord: 1.0ms)


Started GET "/" for 127.0.0.1 at 2018-12-17 01:03:03 -0300
Processing by HistoriesController#index as HTML
  Rendering histories/index.html.erb within layouts/application
  [1m[36mHistory Load (0.5ms)[0m  [1m[34mSELECT "histories".* FROM "histories"[0m
  [1m[36mUser Load (0.3ms)[0m  [1m[34mSELECT  "users".* FROM "users" WHERE "users"."id" = ? LIMIT ?[0m  [["id", 2], ["LIMIT", 1]]
  Rendered histories/index.html.erb within layouts/application (21.2ms)
Completed 500 Internal Server Error in 42ms (ActiveRecord: 0.8ms)


  
ActionView::Template::Error (undefined method `picture' for #<User:0x00007fb7e6184890>):
    11:   <% @histories.reverse.each do |history| %>
    12:     <div class="col-sm-6 col-md-4">
    13:       <div class="thumbnail">
    14:         <%= link_to(image_tag(history.user.picture.thumb), history) if history.picture? %>
    15:         <div class="caption">
    16:           <h3><%= history.title %></h3>
    17:           <small><%= time_ago_in_words(history.user.created_at) %> ago</small>
  
app/views/histories/index.html.erb:14:in `block in _app_views_histories_index_html_erb__1129198047294143397_70213908246600'
app/views/histories/index.html.erb:11:in `each'
app/views/histories/index.html.erb:11:in `_app_views_histories_index_html_erb__1129198047294143397_70213908246600'
Started GET "/" for 127.0.0.1 at 2018-12-17 01:03:19 -0300
Processing by HistoriesController#index as HTML
  Rendering histories/index.html.erb within layouts/application
  [1m[36mHistory Load (0.2ms)[0m  [1m[34mSELECT "histories".* FROM "histories"[0m
  [1m[36mUser Load (0.1ms)[0m  [1m[34mSELECT  "users".* FROM "users" WHERE "users"."id" = ? LIMIT ?[0m  [["id", 2], ["LIMIT", 1]]
  [1m[36mUser Load (0.3ms)[0m  [1m[34mSELECT  "users".* FROM "users" WHERE "users"."id" = ? LIMIT ?[0m  [["id", 1], ["LIMIT", 1]]
  [1m[36mCACHE User Load (0.0ms)[0m  [1m[34mSELECT  "users".* FROM "users" WHERE "users"."id" = ? LIMIT ?[0m  [["id", 1], ["LIMIT", 1]]
  Rendered histories/index.html.erb within layouts/application (13.7ms)
  [1m[36mCACHE User Load (0.0ms)[0m  [1m[34mSELECT  "users".* FROM "users" WHERE "users"."id" = ? LIMIT ?[0m  [["id", 1], ["LIMIT", 1]]
  [1m[36mCACHE User Load (0.0ms)[0m  [1m[34mSELECT  "users".* FROM "users" WHERE "users"."id" = ? LIMIT ?[0m  [["id", 1], ["LIMIT", 1]]
  [1m[36mCACHE User Load (0.0ms)[0m  [1m[34mSELECT  "users".* FROM "users" WHERE "users"."id" = ? LIMIT ?[0m  [["id", 1], ["LIMIT", 1]]
  Rendered shared/_navbar.html.erb (1.6ms)
Completed 200 OK in 69ms (Views: 62.9ms | ActiveRecord: 0.8ms)


Started GET "/" for 127.0.0.1 at 2018-12-17 01:03:53 -0300
Processing by HistoriesController#index as HTML
  Rendering histories/index.html.erb within layouts/application
  [1m[36mHistory Load (0.5ms)[0m  [1m[34mSELECT "histories".* FROM "histories"[0m
  [1m[36mUser Load (0.3ms)[0m  [1m[34mSELECT  "users".* FROM "users" WHERE "users"."id" = ? LIMIT ?[0m  [["id", 2], ["LIMIT", 1]]
  Rendered histories/index.html.erb within layouts/application (148.9ms)
Completed 500 Internal Server Error in 166ms (ActiveRecord: 0.8ms)


  
ActionView::Template::Error (undefined method `user_path' for #<#<Class:0x00007fb7e614afa0>:0x00007fb7e31d97a8>
Did you mean?  users_path):
    11:   <% @histories.reverse.each do |history| %>
    12:     <div class="col-sm-6 col-md-4">
    13:       <div class="thumbnail">
    14:         <%= link_to(image_tag(history.picture.thumb), history.user) if history.picture? %>
    15:         <div class="caption">
    16:           <h3><%= history.title %></h3>
    17:           <small><%= time_ago_in_words(history.created_at) %> ago</small>
  
app/views/histories/index.html.erb:14:in `block in _app_views_histories_index_html_erb__1129198047294143397_70213883057840'
app/views/histories/index.html.erb:11:in `each'
app/views/histories/index.html.erb:11:in `_app_views_histories_index_html_erb__1129198047294143397_70213883057840'
Started GET "/" for 127.0.0.1 at 2018-12-17 01:06:06 -0300
Processing by HistoriesController#index as HTML
  Rendering histories/index.html.erb within layouts/application
  [1m[36mHistory Load (0.3ms)[0m  [1m[34mSELECT "histories".* FROM "histories"[0m
  [1m[36mUser Load (0.3ms)[0m  [1m[34mSELECT  "users".* FROM "users" WHERE "users"."id" = ? LIMIT ?[0m  [["id", 2], ["LIMIT", 1]]
  [1m[36mUser Load (0.2ms)[0m  [1m[34mSELECT  "users".* FROM "users" WHERE "users"."id" = ? LIMIT ?[0m  [["id", 1], ["LIMIT", 1]]
  [1m[36mCACHE User Load (0.0ms)[0m  [1m[34mSELECT  "users".* FROM "users" WHERE "users"."id" = ? LIMIT ?[0m  [["id", 1], ["LIMIT", 1]]
  Rendered histories/index.html.erb within layouts/application (10.7ms)
  [1m[36mCACHE User Load (0.0ms)[0m  [1m[34mSELECT  "users".* FROM "users" WHERE "users"."id" = ? LIMIT ?[0m  [["id", 1], ["LIMIT", 1]]
  [1m[36mCACHE User Load (0.0ms)[0m  [1m[34mSELECT  "users".* FROM "users" WHERE "users"."id" = ? LIMIT ?[0m  [["id", 1], ["LIMIT", 1]]
  [1m[36mCACHE User Load (0.0ms)[0m  [1m[34mSELECT  "users".* FROM "users" WHERE "users"."id" = ? LIMIT ?[0m  [["id", 1], ["LIMIT", 1]]
  Rendered shared/_navbar.html.erb (1.6ms)
Completed 200 OK in 75ms (Views: 67.7ms | ActiveRecord: 0.8ms)


Started GET "/" for 127.0.0.1 at 2018-12-17 01:11:24 -0300
Processing by HistoriesController#index as HTML
  Rendering histories/index.html.erb within layouts/application
  [1m[36mHistory Load (0.3ms)[0m  [1m[34mSELECT "histories".* FROM "histories"[0m
  [1m[36mUser Load (0.1ms)[0m  [1m[34mSELECT  "users".* FROM "users" WHERE "users"."id" = ? LIMIT ?[0m  [["id", 2], ["LIMIT", 1]]
  [1m[36mUser Load (0.3ms)[0m  [1m[34mSELECT  "users".* FROM "users" WHERE "users"."id" = ? LIMIT ?[0m  [["id", 1], ["LIMIT", 1]]
  [1m[36mCACHE User Load (0.0ms)[0m  [1m[34mSELECT  "users".* FROM "users" WHERE "users"."id" = ? LIMIT ?[0m  [["id", 1], ["LIMIT", 1]]
  Rendered histories/index.html.erb within layouts/application (13.9ms)
  [1m[36mCACHE User Load (0.0ms)[0m  [1m[34mSELECT  "users".* FROM "users" WHERE "users"."id" = ? LIMIT ?[0m  [["id", 1], ["LIMIT", 1]]
  [1m[36mCACHE User Load (0.0ms)[0m  [1m[34mSELECT  "users".* FROM "users" WHERE "users"."id" = ? LIMIT ?[0m  [["id", 1], ["LIMIT", 1]]
  [1m[36mCACHE User Load (0.0ms)[0m  [1m[34mSELECT  "users".* FROM "users" WHERE "users"."id" = ? LIMIT ?[0m  [["id", 1], ["LIMIT", 1]]
  Rendered shared/_navbar.html.erb (1.3ms)
Completed 200 OK in 72ms (Views: 67.5ms | ActiveRecord: 0.8ms)


Started DELETE "/sessions/1" for 127.0.0.1 at 2018-12-17 01:11:27 -0300
Processing by SessionsController#destroy as HTML
  Parameters: {"authenticity_token"=>"jg/B9uECr7LdGWCy2oTOgcJQLxlbMPfxsWyY/BTnFswbRQSPG61Df7e+YZ4D1Jxi2onaujhmQtNaTfY9BpVV2A==", "id"=>"1"}
Redirected to http://localhost:3000/users/sign_in
Completed 302 Found in 1ms (ActiveRecord: 0.0ms)


Started GET "/users/sign_in" for 127.0.0.1 at 2018-12-17 01:11:27 -0300
Processing by SessionsController#new as HTML
  Rendering sessions/new.html.erb within layouts/application
  Rendered sessions/new.html.erb within layouts/application (3.3ms)
  Rendered shared/_navbar.html.erb (1.6ms)
Completed 200 OK in 83ms (Views: 76.1ms | ActiveRecord: 0.0ms)


Started GET "/" for 127.0.0.1 at 2018-12-17 01:11:29 -0300
Processing by HistoriesController#index as HTML
  Rendering histories/index.html.erb within layouts/application
  [1m[36mHistory Load (0.5ms)[0m  [1m[34mSELECT "histories".* FROM "histories"[0m
  Rendered histories/index.html.erb within layouts/application (4.0ms)
  Rendered shared/_navbar.html.erb (1.0ms)
Completed 200 OK in 71ms (Views: 62.4ms | ActiveRecord: 0.5ms)


Started GET "/" for 127.0.0.1 at 2018-12-17 01:11:30 -0300
Processing by HistoriesController#index as HTML
  Rendering histories/index.html.erb within layouts/application
  [1m[36mHistory Load (0.3ms)[0m  [1m[34mSELECT "histories".* FROM "histories"[0m
  Rendered histories/index.html.erb within layouts/application (2.9ms)
  Rendered shared/_navbar.html.erb (1.1ms)
Completed 200 OK in 62ms (Views: 57.4ms | ActiveRecord: 0.3ms)


Started GET "/users/sign_in" for 127.0.0.1 at 2018-12-17 01:11:35 -0300
Processing by SessionsController#new as HTML
  Rendering sessions/new.html.erb within layouts/application
  Rendered sessions/new.html.erb within layouts/application (3.9ms)
  Rendered shared/_navbar.html.erb (1.4ms)
Completed 200 OK in 87ms (Views: 78.3ms | ActiveRecord: 0.0ms)


Started POST "/sessions" for 127.0.0.1 at 2018-12-17 01:11:40 -0300
Processing by SessionsController#create as HTML
  Parameters: {"utf8"=>"✓", "authenticity_token"=>"+ni5CNo+bTPPg6aJcGc8c2Nfc2/yiVY1RZccj0pgG1BKAr7oFQCMR3h3NCgSPt80S25INwSOc7NGl6/nJct+/Q==", "user"=>{"email"=>"daniel.hg94@gmail.com", "password"=>"[FILTERED]"}, "commit"=>"Create User"}
  [1m[36mUser Load (0.4ms)[0m  [1m[34mSELECT  "users".* FROM "users" WHERE "users"."email" = ? LIMIT ?[0m  [["email", "daniel.hg94@gmail.com"], ["LIMIT", 1]]
Redirected to http://localhost:3000/
Completed 302 Found in 3ms (ActiveRecord: 0.4ms)


Started GET "/" for 127.0.0.1 at 2018-12-17 01:11:40 -0300
Processing by HistoriesController#index as HTML
  Rendering histories/index.html.erb within layouts/application
  [1m[36mHistory Load (0.4ms)[0m  [1m[34mSELECT "histories".* FROM "histories"[0m
  [1m[36mUser Load (0.3ms)[0m  [1m[34mSELECT  "users".* FROM "users" WHERE "users"."id" = ? LIMIT ?[0m  [["id", 2], ["LIMIT", 1]]
  [1m[36mUser Load (0.2ms)[0m  [1m[34mSELECT  "users".* FROM "users" WHERE "users"."id" = ? LIMIT ?[0m  [["id", 1], ["LIMIT", 1]]
  [1m[36mCACHE User Load (0.0ms)[0m  [1m[34mSELECT  "users".* FROM "users" WHERE "users"."id" = ? LIMIT ?[0m  [["id", 1], ["LIMIT", 1]]
  Rendered histories/index.html.erb within layouts/application (13.9ms)
  [1m[36mCACHE User Load (0.0ms)[0m  [1m[34mSELECT  "users".* FROM "users" WHERE "users"."id" = ? LIMIT ?[0m  [["id", 1], ["LIMIT", 1]]
  [1m[36mCACHE User Load (0.0ms)[0m  [1m[34mSELECT  "users".* FROM "users" WHERE "users"."id" = ? LIMIT ?[0m  [["id", 1], ["LIMIT", 1]]
  [1m[36mCACHE User Load (0.0ms)[0m  [1m[34mSELECT  "users".* FROM "users" WHERE "users"."id" = ? LIMIT ?[0m  [["id", 1], ["LIMIT", 1]]
  Rendered shared/_navbar.html.erb (1.3ms)
Completed 200 OK in 91ms (Views: 83.4ms | ActiveRecord: 1.0ms)


Started GET "/" for 127.0.0.1 at 2018-12-17 01:13:38 -0300
Processing by HistoriesController#index as HTML
  [1m[36mUser Load (0.2ms)[0m  [1m[34mSELECT  "users".* FROM "users" WHERE "users"."id" = ? LIMIT ?[0m  [["id", 1], ["LIMIT", 1]]
  Rendering histories/index.html.erb within layouts/application
  [1m[36mHistory Load (0.3ms)[0m  [1m[34mSELECT "histories".* FROM "histories" WHERE "histories"."user_id" = ?[0m  [["user_id", 1]]
  Rendered histories/index.html.erb within layouts/application (23.6ms)
  [1m[36mCACHE User Load (0.0ms)[0m  [1m[34mSELECT  "users".* FROM "users" WHERE "users"."id" = ? LIMIT ?[0m  [["id", 1], ["LIMIT", 1]]
  [1m[36mCACHE User Load (0.0ms)[0m  [1m[34mSELECT  "users".* FROM "users" WHERE "users"."id" = ? LIMIT ?[0m  [["id", 1], ["LIMIT", 1]]
  [1m[36mCACHE User Load (0.0ms)[0m  [1m[34mSELECT  "users".* FROM "users" WHERE "users"."id" = ? LIMIT ?[0m  [["id", 1], ["LIMIT", 1]]
  Rendered shared/_navbar.html.erb (1.3ms)
Completed 200 OK in 154ms (Views: 71.0ms | ActiveRecord: 2.9ms)


Started GET "/histories/1" for 127.0.0.1 at 2018-12-17 01:14:04 -0300
Processing by HistoriesController#show as HTML
  Parameters: {"id"=>"1"}
  [1m[36mHistory Load (0.3ms)[0m  [1m[34mSELECT  "histories".* FROM "histories" WHERE "histories"."id" = ? LIMIT ?[0m  [["id", 1], ["LIMIT", 1]]
  Rendering histories/show.html.erb within layouts/application
  Rendered histories/show.html.erb within layouts/application (2.5ms)
  [1m[36mUser Load (0.1ms)[0m  [1m[34mSELECT  "users".* FROM "users" WHERE "users"."id" = ? LIMIT ?[0m  [["id", 1], ["LIMIT", 1]]
  [1m[36mCACHE User Load (0.0ms)[0m  [1m[34mSELECT  "users".* FROM "users" WHERE "users"."id" = ? LIMIT ?[0m  [["id", 1], ["LIMIT", 1]]
  [1m[36mCACHE User Load (0.0ms)[0m  [1m[34mSELECT  "users".* FROM "users" WHERE "users"."id" = ? LIMIT ?[0m  [["id", 1], ["LIMIT", 1]]
  Rendered shared/_navbar.html.erb (1.4ms)
Completed 200 OK in 95ms (Views: 68.6ms | ActiveRecord: 3.0ms)


Started DELETE "/sessions/1" for 127.0.0.1 at 2018-12-17 01:14:09 -0300
Processing by SessionsController#destroy as HTML
  Parameters: {"authenticity_token"=>"7prl20mT2aJ83t7ixbopGrH0G/LuGUGOpBxzt+vHcLZZ/2m3DAIZWJ6BoLYp8JNBs6cTYJ2EYEv1XfmdqVTGsA==", "id"=>"1"}
Redirected to http://localhost:3000/users/sign_in
Completed 302 Found in 2ms (ActiveRecord: 0.0ms)


Started GET "/users/sign_in" for 127.0.0.1 at 2018-12-17 01:14:09 -0300
Processing by SessionsController#new as HTML
  Rendering sessions/new.html.erb within layouts/application
  Rendered sessions/new.html.erb within layouts/application (5.3ms)
  Rendered shared/_navbar.html.erb (1.2ms)
Completed 200 OK in 74ms (Views: 68.0ms | ActiveRecord: 0.0ms)


Started GET "/" for 127.0.0.1 at 2018-12-17 01:14:10 -0300
Processing by HistoriesController#index as HTML
  Rendering histories/index.html.erb within layouts/application
  [1m[36mHistory Load (0.4ms)[0m  [1m[34mSELECT "histories".* FROM "histories"[0m
  Rendered histories/index.html.erb within layouts/application (3.0ms)
  Rendered shared/_navbar.html.erb (0.8ms)
Completed 200 OK in 68ms (Views: 60.3ms | ActiveRecord: 0.4ms)


